2026-03-24 15:48:45,611 - INFO - Iniciando scraper: Acre (AC)
2026-03-24 15:48:45,611 - INFO - [AC] Acessando: https://pt.db-city.com/Brasil--Acre
2026-03-24 15:48:46,562 - ERROR - [AC] Tabela com cidades não encontrada!
2026-03-24 15:48:46,562 - ERROR - [AC] Nenhuma cidade encontrada. Pulando...
2026-03-24 15:48:46,565 - INFO - Iniciando scraper: Alagoas (AL)
2026-03-24 15:48:46,565 - INFO - [AL] Acessando: https://pt.db-city.com/Brasil--Alagoas
2026-03-24 15:48:47,369 - INFO - [AL] Encontradas 40 cidades
2026-03-24 15:48:47,427 - INFO - [AL] Maceió: @-9.66625,-35.7351,12.5z
2026-03-24 15:48:48,187 - INFO - [AL] Arapiraca: @-9.75164,-36.6604,12.5z
2026-03-24 15:48:49,234 - INFO - [AL] Rio Largo: @-9.4802,-35.858,12.5z
2026-03-24 15:48:50,259 - INFO - [AL] Palmeira dos Índios: @-9.41618,-36.631,12.5z
2026-03-24 15:48:51,270 - INFO - [AL] União dos Palmares: @-9.17153,-36.0212,12.5z
2026-03-24 15:48:52,055 - INFO - [AL] Penedo: @-10.2874,-36.5824,12.5z
2026-03-24 15:48:53,086 - INFO - [AL] São Miguel dos Campos: @-9.80659,-36.1153,12.5z
2026-03-24 15:48:54,139 - INFO - [AL] Campo Alegre: @-9.77952,-36.3503,12.5z
2026-03-24 15:48:55,190 - INFO - [AL] Coruripe: @-10.1335,-36.1761,12.5z
2026-03-24 15:48:55,976 - INFO - [AL] Delmiro Gouveia: @-9.38639,-37.9968,12.5z
2026-03-24 15:48:57,030 - INFO - [AL] Marechal Deodoro: @-9.71801,-35.9022,12.5z
2026-03-24 15:48:57,811 - INFO - [AL] Santana do Ipanema: @-9.36361,-37.2483,12.5z
2026-03-24 15:48:58,882 - INFO - [AL] Atalaia: @-9.50755,-36.0234,12.5z
2026-03-24 15:48:59,652 - INFO - [AL] Teotônio Vilela: @-9.90598,-36.3523,12.5z
2026-03-24 15:49:00,416 - INFO - [AL] Girau do Ponciano: @-9.88079,-36.8225,12.5z
2026-03-24 15:49:01,474 - INFO - [AL] Pilar: @-9.58961,-35.9507,12.5z
2026-03-24 15:49:02,500 - INFO - [AL] São Luís do Quitunde: @-9.31804,-35.5639,12.5z
2026-03-24 15:49:03,550 - INFO - [AL] São Sebastião: @-9.9328,-36.547,12.5z
2026-03-24 15:49:04,593 - INFO - [AL] Maragogi: @-9.01271,-35.2213,12.5z
2026-03-24 15:49:05,616 - INFO - [AL] São José da Tapera: @-9.54393,-37.3842,12.5z
2026-03-24 15:49:06,371 - INFO - [AL] Limoeiro de Anadia: @-9.73797,-36.5031,12.5z
2026-03-24 15:49:07,396 - INFO - [AL] Murici: @-9.3049,-35.9417,12.5z
2026-03-24 15:49:08,441 - INFO - [AL] Traipu: @-9.9584,-37.01,12.5z
2026-03-24 15:49:09,484 - INFO - [AL] Boca da Mata: @-9.64204,-36.2198,12.5z
2026-03-24 15:49:10,506 - INFO - [AL] Porto Calvo: @-9.04663,-35.4012,12.5z
2026-03-24 15:49:11,273 - INFO - [AL] Viçosa: @-9.36338,-36.2386,12.5z
2026-03-24 15:49:12,303 - INFO - [AL] Igaci: @-9.54575,-36.6709,12.5z
2026-03-24 15:49:13,329 - INFO - [AL] Mata Grande: @-9.11877,-37.7426,12.5z
2026-03-24 15:49:14,098 - INFO - [AL] Piranhas: @-9.59959,-37.7586,12.5z
2026-03-24 15:49:15,139 - INFO - [AL] Junqueiro: @-9.90396,-36.4667,12.5z
2026-03-24 15:49:16,174 - INFO - [AL] Matriz de Camaragibe: @-9.15667,-35.529,12.5z
2026-03-24 15:49:17,218 - INFO - [AL] Igreja Nova: @-10.1203,-36.6607,12.5z
2026-03-24 15:49:18,006 - INFO - [AL] Pão de Açúcar: @-9.7327,-37.4352,12.5z
2026-03-24 15:49:19,045 - INFO - [AL] Craíbas: @-9.61767,-36.7676,12.5z
2026-03-24 15:49:20,174 - INFO - [AL] Joaquim Gomes: @-9.11654,-35.7376,12.5z
2026-03-24 15:49:21,216 - INFO - [AL] São José da Laje: @-9.01187,-36.0535,12.5z
2026-03-24 15:49:22,295 - INFO - [AL] Feira Grande: @-9.89725,-36.6777,12.5z
2026-03-24 15:49:23,317 - INFO - [AL] Colônia Leopoldina: @-8.91358,-35.7213,12.5z
2026-03-24 15:49:24,358 - INFO - [AL] Olho d'Água das Flores: @-9.53659,-37.2943,12.5z
2026-03-24 15:49:25,385 - INFO - [AL] Cajueiro: @-9.71667,-36.45,12.5z
2026-03-24 15:49:26,086 - INFO - [AL] Salvo em resultados\alagoas_cities.json
2026-03-24 15:49:26,093 - INFO - Iniciando scraper: Amazonas (AM)
2026-03-24 15:49:26,093 - INFO - [AM] Acessando: https://pt.db-city.com/Brasil--Amazonas
2026-03-24 15:49:26,985 - ERROR - [AM] Tabela com cidades não encontrada!
2026-03-24 15:49:26,985 - ERROR - [AM] Nenhuma cidade encontrada. Pulando...
2026-03-24 15:49:26,988 - INFO - Iniciando scraper: Amapá (AP)
2026-03-24 15:49:26,988 - INFO - [AP] Acessando: https://pt.db-city.com/Brasil--Amapá
2026-03-24 15:49:27,882 - ERROR - [AP] Tabela com cidades não encontrada!
2026-03-24 15:49:27,882 - ERROR - [AP] Nenhuma cidade encontrada. Pulando...
2026-03-24 15:49:27,885 - INFO - Iniciando scraper: Bahia (BA)
2026-03-24 15:49:27,885 - INFO - [BA] Acessando: https://pt.db-city.com/Brasil--Bahia
2026-03-24 15:49:28,736 - INFO - [BA] Encontradas 40 cidades
2026-03-24 15:49:28,802 - INFO - [BA] Salvador: @-12.9704,-38.5124,12.5z
2026-03-24 15:49:29,566 - INFO - [BA] Feira de Santana: @-12.2733,-38.9556,12.5z
2026-03-24 15:49:30,343 - INFO - [BA] Vitória da Conquista: @-14.8648,-40.8369,12.5z
2026-03-24 15:49:31,391 - INFO - [BA] Camaçari: @-12.6964,-38.3234,12.5z
2026-03-24 15:49:32,156 - INFO - [BA] Juazeiro: @-9.43847,-40.5052,12.5z
2026-03-24 15:49:32,941 - INFO - [BA] Itabuna: @-14.7892,-39.2778,12.5z
2026-03-24 15:49:33,710 - INFO - [BA] Lauro de Freitas: @-12.894,-38.3279,12.5z
2026-03-24 15:49:34,463 - INFO - [BA] Ilhéus: @-14.7973,-39.0355,12.5z
2026-03-24 15:49:35,243 - INFO - [BA] Teixeira de Freitas: @-17.5459,-39.7239,12.5z
2026-03-24 15:49:36,277 - INFO - [BA] Jequié: @-13.851,-40.0812,12.5z
2026-03-24 15:49:37,211 - INFO - [BA] Barreiras: @-12.1482,-44.9925,12.5z
2026-03-24 15:49:37,972 - INFO - [BA] Alagoinhas: @-12.1203,-38.4098,12.5z
2026-03-24 15:49:38,794 - INFO - [BA] Porto Seguro: @-16.4511,-39.0646,12.5z
2026-03-24 15:49:39,564 - INFO - [BA] Simões Filho: @-12.7856,-38.4055,12.5z
2026-03-24 15:49:40,626 - INFO - [BA] Paulo Afonso: @-9.41097,-38.2358,12.5z
2026-03-24 15:49:41,397 - INFO - [BA] Eunápolis: @-16.3731,-39.5751,12.5z
2026-03-24 15:49:42,437 - INFO - [BA] Santo Antônio de Jesus: @-12.9532,-39.2746,12.5z
2026-03-24 15:49:43,231 - INFO - [BA] Valença: @-13.374,-39.0676,12.5z
2026-03-24 15:49:44,039 - INFO - [BA] Luís Eduardo Magalhães: @-12.0994,-45.7983,12.5z
2026-03-24 15:49:45,080 - INFO - [BA] Candeias: @-12.668,-38.5509,12.5z
2026-03-24 15:49:45,850 - INFO - [BA] Guanambi: @-14.2071,-42.782,12.5z
2026-03-24 15:49:46,625 - INFO - [BA] Dias d'Ávila: @-12.6129,-38.2975,12.5z
2026-03-24 15:49:47,678 - INFO - [BA] Serrinha: @-11.6244,-38.9739,12.5z
2026-03-24 15:49:48,708 - INFO - [BA] Jacobina: @-11.1855,-40.5361,12.5z
2026-03-24 15:49:49,720 - INFO - [BA] Senhor do Bonfim: @-10.4659,-40.1808,12.5z
2026-03-24 15:49:50,759 - INFO - [BA] Itapetinga: @-15.2565,-40.2576,12.5z
2026-03-24 15:49:51,538 - INFO - [BA] Irecê: @-11.2999,-41.8568,12.5z
2026-03-24 15:49:52,334 - INFO - [BA] Casa Nova: @-9.40798,-41.158,12.5z
2026-03-24 15:49:53,089 - INFO - [BA] Campo Formoso: @-10.5113,-40.3224,12.5z
2026-03-24 15:49:53,853 - INFO - [BA] Bom Jesus da Lapa: @-13.2477,-43.4148,12.5z
2026-03-24 15:49:54,887 - INFO - [BA] Brumado: @-14.1971,-41.6693,12.5z
2026-03-24 15:49:55,938 - INFO - [BA] Conceição do Coité: @-11.5614,-39.2861,12.5z
2026-03-24 15:49:56,961 - INFO - [BA] Itaberaba: @-12.5158,-40.304,12.5z
2026-03-24 15:49:58,003 - INFO - [BA] Itamaraju: @-17.0561,-39.5472,12.5z
2026-03-24 15:49:59,062 - INFO - [BA] Cruz das Almas: @-12.653,-39.1219,12.5z
2026-03-24 15:50:00,088 - INFO - [BA] Euclides da Cunha: @-10.5061,-39.0092,12.5z
2026-03-24 15:50:00,900 - INFO - [BA] Santo Amaro: @-12.573,-38.7148,12.5z
2026-03-24 15:50:01,667 - INFO - [BA] Ipirá: @-12.1539,-39.745,12.5z
2026-03-24 15:50:02,428 - INFO - [BA] Catu: @-12.3531,-38.3801,12.5z
2026-03-24 15:50:03,482 - INFO - [BA] Jaguaquara: @-13.5287,-39.9768,12.5z
2026-03-24 15:50:04,186 - INFO - [BA] Salvo em resultados\bahia_cities.json
2026-03-24 15:50:04,194 - INFO - Iniciando scraper: Ceará (CE)
2026-03-24 15:50:04,196 - INFO - [CE] Acessando: https://pt.db-city.com/Brasil--Ceará
2026-03-24 15:50:04,973 - INFO - [CE] Encontradas 40 cidades
2026-03-24 15:50:05,036 - INFO - [CE] Fortaleza: @-3.71839,-38.5434,12.5z
2026-03-24 15:50:05,854 - INFO - [CE] Caucaia: @-3.73454,-38.6563,12.5z
2026-03-24 15:50:06,638 - INFO - [CE] Juazeiro do Norte: @-7.23718,-39.3222,12.5z
2026-03-24 15:50:07,402 - INFO - [CE] Maracanaú: @-3.87821,-38.626,12.5z
2026-03-24 15:50:08,192 - INFO - [CE] Sobral: @-3.68274,-40.3512,12.5z
2026-03-24 15:50:09,031 - INFO - [CE] Crato: @-7.22956,-39.4088,12.5z
2026-03-24 15:50:10,074 - INFO - [CE] Itapipoca: @-3.49387,-39.5769,12.5z
2026-03-24 15:50:11,103 - INFO - [CE] Maranguape: @-3.89065,-38.6819,12.5z
2026-03-24 15:50:11,884 - INFO - [CE] Iguatu: @-6.34807,-39.3066,12.5z
2026-03-24 15:50:12,898 - INFO - [CE] Quixadá: @-4.97813,-39.0188,12.5z
2026-03-24 15:50:13,947 - INFO - [CE] Pacatuba: @-3.98436,-38.6161,12.5z
2026-03-24 15:50:14,704 - INFO - [CE] Quixeramobim: @-5.19812,-39.2962,12.5z
2026-03-24 15:50:15,480 - INFO - [CE] Aquiraz: @-3.90254,-38.3885,12.5z
2026-03-24 15:50:16,269 - INFO - [CE] Russas: @-4.9393,-37.9786,12.5z
2026-03-24 15:50:17,050 - INFO - [CE] Canindé: @-4.35795,-39.302,12.5z
2026-03-24 15:50:17,817 - INFO - [CE] Tianguá: @-3.73774,-40.9918,12.5z
2026-03-24 15:50:18,837 - INFO - [CE] Crateús: @-5.19853,-40.669,12.5z
2026-03-24 15:50:19,609 - INFO - [CE] Aracati: @-4.56273,-37.7691,12.5z
2026-03-24 15:50:20,379 - INFO - [CE] Pacajus: @-4.17398,-38.4638,12.5z
2026-03-24 15:50:21,426 - INFO - [CE] Cascavel: @-4.13087,-38.2356,12.5z
2026-03-24 15:50:22,473 - INFO - [CE] Icó: @-6.40207,-38.8552,12.5z
2026-03-24 15:50:23,244 - INFO - [CE] Horizonte: @-4.09752,-38.4909,12.5z
2026-03-24 15:50:24,269 - INFO - [CE] Camocim: @-2.91314,-40.8463,12.5z
2026-03-24 15:50:25,331 - INFO - [CE] Acaraú: @-2.88968,-40.1085,12.5z
2026-03-24 15:50:26,364 - INFO - [CE] Morada Nova: @-5.10562,-38.3671,12.5z
2026-03-24 15:50:27,416 - INFO - [CE] Viçosa do Ceará: @-3.56324,-41.0948,12.5z
2026-03-24 15:50:28,186 - INFO - [CE] Barbalha: @-7.30551,-39.3025,12.5z
2026-03-24 15:50:29,214 - INFO - [CE] Limoeiro do Norte: @-5.14889,-38.0977,12.5z
2026-03-24 15:50:29,966 - INFO - [CE] Tauá: @-6.00028,-40.2968,12.5z
2026-03-24 15:50:30,989 - INFO - [CE] Trairi: @-3.27756,-39.2697,12.5z
2026-03-24 15:50:31,775 - INFO - [CE] Granja: @-3.1229,-40.8342,12.5z
2026-03-24 15:50:32,875 - INFO - [CE] Boa Viagem: @-5.12798,-39.733,12.5z
2026-03-24 15:50:33,936 - INFO - [CE] Acopiara: @-6.09448,-39.4545,12.5z
2026-03-24 15:50:34,956 - INFO - [CE] Eusébio: @-3.89029,-38.4513,12.5z
2026-03-24 15:50:35,986 - INFO - [CE] Beberibe: @-4.1789,-38.1335,12.5z
2026-03-24 15:50:37,067 - INFO - [CE] Itapagé: @-3.691,-39.5802,12.5z
2026-03-24 15:50:37,836 - INFO - [CE] Brejo Santo: @-7.48689,-38.9798,12.5z
2026-03-24 15:50:38,603 - INFO - [CE] São Gonçalo do Amarante: @-3.60733,-38.9705,12.5z
2026-03-24 15:50:39,624 - INFO - [CE] Mauriti: @-7.39529,-38.7699,12.5z
2026-03-24 15:50:40,385 - INFO - [CE] São Benedito: @-4.04428,-40.8679,12.5z
2026-03-24 15:50:41,107 - INFO - [CE] Salvo em resultados\ceará_cities.json
2026-03-24 15:50:41,130 - INFO - Iniciando scraper: Distrito Federal (DF)
2026-03-24 15:50:41,134 - INFO - [DF] Acessando: https://pt.db-city.com/Brasil--Distrito-Federal
2026-03-24 15:50:41,887 - ERROR - [DF] Tabela com cidades não encontrada!
2026-03-24 15:50:41,888 - ERROR - [DF] Nenhuma cidade encontrada. Pulando...
2026-03-24 15:50:41,889 - INFO - Iniciando scraper: Espírito Santo (ES)
2026-03-24 15:50:41,890 - INFO - [ES] Acessando: https://pt.db-city.com/Brasil--Espírito-Santo
2026-03-24 15:50:42,742 - ERROR - [ES] Tabela com cidades não encontrada!
2026-03-24 15:50:42,743 - ERROR - [ES] Nenhuma cidade encontrada. Pulando...
2026-03-24 15:50:42,744 - INFO - Iniciando scraper: Goiás (GO)
2026-03-24 15:50:42,745 - INFO - [GO] Acessando: https://pt.db-city.com/Brasil--Goiás
2026-03-24 15:50:43,542 - INFO - [GO] Encontradas 40 cidades
2026-03-24 15:50:43,606 - INFO - [GO] Goiânia: @-16.6799,-49.255,12.5z
2026-03-24 15:50:44,377 - INFO - [GO] Aparecida de Goiânia: @-16.823,-49.2422,12.5z
2026-03-24 15:50:45,164 - INFO - [GO] Anápolis: @-16.3287,-48.9534,12.5z
2026-03-24 15:50:45,922 - INFO - [GO] Rio Verde: @-17.7972,-50.9,12.5z
2026-03-24 15:50:46,721 - INFO - [GO] Águas Lindas de Goiás: @-15.7714,-48.2488,12.5z
2026-03-24 15:50:47,544 - INFO - [GO] Luziânia: @-16.2345,-47.9167,12.5z
2026-03-24 15:50:48,403 - INFO - [GO] Valparaíso de Goiás: @-16.0687,-47.9766,12.5z
2026-03-24 15:50:49,180 - INFO - [GO] Trindade: @-16.6478,-49.4981,12.5z
2026-03-24 15:50:50,242 - INFO - [GO] Formosa: @-15.537,-47.3357,12.5z
2026-03-24 15:50:51,306 - INFO - [GO] Novo Gama: @-16.0538,-48.0297,12.5z
2026-03-24 15:50:52,075 - INFO - [GO] Senador Canedo: @-16.7106,-49.0867,12.5z
2026-03-24 15:50:52,850 - INFO - [GO] Catalão: @-18.1721,-47.9415,12.5z
2026-03-24 15:50:53,614 - INFO - [GO] Itumbiara: @-18.4216,-49.2155,12.5z
2026-03-24 15:50:54,663 - INFO - [GO] Jataí: @-17.8759,-51.7214,12.5z
2026-03-24 15:50:55,464 - INFO - [GO] Caldas Novas: @-17.7452,-48.6253,12.5z
2026-03-24 15:50:56,541 - INFO - [GO] Planaltina: @-15.4839,-47.6393,12.5z
2026-03-24 15:50:57,354 - INFO - [GO] Santo Antônio do Descoberto: @-15.9437,-48.2596,12.5z
2026-03-24 15:50:58,421 - INFO - [GO] Cidade Ocidental: @-16.1053,-47.95,12.5z
2026-03-24 15:50:59,489 - INFO - [GO] Goianésia: @-15.3259,-49.1173,12.5z
2026-03-24 15:51:00,263 - INFO - [GO] Mineiros: @-17.5787,-52.5424,12.5z
2026-03-24 15:51:01,081 - INFO - [GO] Cristalina: @-16.7679,-47.6131,12.5z
2026-03-24 15:51:02,155 - INFO - [GO] Inhumas: @-16.3553,-49.4931,12.5z
2026-03-24 15:51:03,186 - INFO - [GO] Jaraguá: @-15.742,-49.3349,12.5z
2026-03-24 15:51:03,978 - INFO - [GO] Quirinópolis: @-18.4482,-50.4466,12.5z
2026-03-24 15:51:05,031 - INFO - [GO] Niquelândia: @-14.4578,-48.4663,12.5z
2026-03-24 15:51:05,792 - INFO - [GO] Morrinhos: @-17.7211,-49.1081,12.5z
2026-03-24 15:51:06,559 - INFO - [GO] Porangatu: @-13.4312,-49.1428,12.5z
2026-03-24 15:51:07,604 - INFO - [GO] Goianira: @-16.5056,-49.4202,12.5z
2026-03-24 15:51:08,366 - INFO - [GO] Itaberaí: @-16.0084,-49.7962,12.5z
2026-03-24 15:51:09,135 - INFO - [GO] Uruaçu: @-14.5258,-49.1573,12.5z
2026-03-24 15:51:09,943 - INFO - [GO] Santa Helena de Goiás: @-17.823,-50.5883,12.5z
2026-03-24 15:51:10,990 - INFO - [GO] Posse: @-14.0821,-46.3778,12.5z
2026-03-24 15:51:11,787 - INFO - [GO] Goiatuba: @-18.011,-49.3695,12.5z
2026-03-24 15:51:12,806 - INFO - [GO] Padre Bernardo: @-15.3545,-48.5106,12.5z
2026-03-24 15:51:13,568 - INFO - [GO] São Luís de Montes Belos: @-16.5222,-50.3801,12.5z
2026-03-24 15:51:14,641 - INFO - [GO] Iporá: @-16.4413,-51.1196,12.5z
2026-03-24 15:51:15,429 - INFO - [GO] Pires do Rio: @-17.3006,-48.2836,12.5z
2026-03-24 15:51:16,179 - INFO - [GO] Bela Vista de Goiás: @-16.9732,-48.9596,12.5z
2026-03-24 15:51:17,216 - INFO - [GO] Nerópolis: @-16.4063,-49.2187,12.5z
2026-03-24 15:51:17,984 - INFO - [GO] Minaçu: @-13.5636,-48.2221,12.5z
2026-03-24 15:51:18,686 - INFO - [GO] Salvo em resultados\goiás_cities.json
2026-03-24 15:51:18,688 - INFO - Iniciando scraper: Maranhão (MA)
2026-03-24 15:51:18,689 - INFO - [MA] Acessando: https://pt.db-city.com/Brasil--Maranhão
2026-03-24 15:51:19,551 - INFO - [MA] Encontradas 40 cidades
2026-03-24 15:51:19,638 - INFO - [MA] São Luís: @-2.53073,-44.3068,12.5z
2026-03-24 15:51:20,391 - INFO - [MA] Imperatriz: @-5.5255,-47.477,12.5z
2026-03-24 15:51:21,160 - INFO - [MA] São José de Ribamar: @-2.56318,-44.0626,12.5z
2026-03-24 15:51:22,234 - INFO - [MA] Timon: @-5.09509,-42.837,12.5z
2026-03-24 15:51:22,991 - INFO - [MA] Caxias: @-4.87467,-43.3469,12.5z
2026-03-24 15:51:23,754 - INFO - [MA] Codó: @-4.45494,-43.8789,12.5z
2026-03-24 15:51:24,556 - INFO - [MA] Paço do Lumiar: @-2.53054,-44.1052,12.5z
2026-03-24 15:51:25,326 - INFO - [MA] Açailândia: @-4.95394,-47.5019,12.5z
2026-03-24 15:51:26,095 - INFO - [MA] Bacabal: @-4.22292,-44.7832,12.5z
2026-03-24 15:51:26,879 - INFO - [MA] Balsas: @-7.53292,-46.035,12.5z
2026-03-24 15:51:27,647 - INFO - [MA] Santa Inês: @-3.68345,-45.3866,12.5z
2026-03-24 15:51:28,422 - INFO - [MA] Barra do Corda: @-5.50581,-45.2351,12.5z
2026-03-24 15:51:29,457 - INFO - [MA] Pinheiro: @-2.52105,-45.0829,12.5z
2026-03-24 15:51:30,249 - INFO - [MA] Chapadinha: @-3.7405,-43.3593,12.5z
2026-03-24 15:51:31,021 - INFO - [MA] Santa Luzia: @-7.63732,-47.2002,12.5z
2026-03-24 15:51:31,803 - INFO - [MA] Buriticupu: @-4.34269,-46.4016,12.5z
2026-03-24 15:51:32,846 - INFO - [MA] Grajaú: @-5.81802,-46.1441,12.5z
2026-03-24 15:51:34,161 - INFO - [MA] Itapecuru Mirim: @-3.39501,-44.3601,12.5z
2026-03-24 15:51:35,194 - INFO - [MA] Coroatá: @-4.12517,-44.1304,12.5z
2026-03-24 15:51:36,242 - INFO - [MA] Barreirinhas: @-2.74938,-42.8328,12.5z
2026-03-24 15:51:37,045 - INFO - [MA] Tutóia: @-2.75969,-42.2744,12.5z
2026-03-24 15:51:38,084 - INFO - [MA] Vargem Grande: @-3.54347,-43.9182,12.5z
2026-03-24 15:51:39,142 - INFO - [MA] Viana: @-3.20727,-44.9993,12.5z
2026-03-24 15:51:40,196 - INFO - [MA] Zé Doca: @-3.25707,-45.65,12.5z
2026-03-24 15:51:41,223 - INFO - [MA] Lago da Pedra: @-4.33333,-45.1667,12.5z
2026-03-24 15:51:42,322 - INFO - [MA] Coelho Neto: @-4.25569,-43.0147,12.5z
2026-03-24 15:51:43,404 - INFO - [MA] Pres. Dutra: @-5.29033,-44.4897,12.5z
2026-03-24 15:51:44,267 - INFO - [MA] Araioses: @-2.88405,-41.9167,12.5z
2026-03-24 15:51:45,302 - INFO - [MA] São Bento: @-2.69861,-44.8214,12.5z
2026-03-24 15:51:46,075 - INFO - [MA] Rosário: @-2.93997,-44.2408,12.5z
2026-03-24 15:51:46,841 - INFO - [MA] Santa Helena: @-2.2289,-45.2967,12.5z
2026-03-24 15:51:47,928 - INFO - [MA] Estreito: @-5.78333,-43.25,12.5z
2026-03-24 15:51:48,952 - INFO - [MA] Tuntum: @-5.32024,-44.6362,12.5z
2026-03-24 15:51:49,986 - INFO - [MA] Bom Jardim: @-7.02038,-46.4908,12.5z
2026-03-24 15:51:50,755 - INFO - [MA] São Mateus do Maranhão: @-4.04054,-44.4682,12.5z
2026-03-24 15:51:51,786 - INFO - [MA] Amarante do Maranhão: @-5.56897,-46.7378,12.5z
2026-03-24 15:51:52,824 - INFO - [MA] Colinas: @-6.02702,-44.2461,12.5z
2026-03-24 15:51:53,892 - INFO - [MA] Pedreiras: @-4.57435,-44.5987,12.5z
2026-03-24 15:51:54,654 - INFO - [MA] Penalva: @-3.28167,-45.1748,12.5z
2026-03-24 15:51:55,698 - INFO - [MA] Santa Rita: @-3.14681,-44.3198,12.5z
2026-03-24 15:51:56,402 - INFO - [MA] Salvo em resultados\maranhão_cities.json
2026-03-24 15:51:56,408 - INFO - Iniciando scraper: Minas Gerais (MG)
2026-03-24 15:51:56,409 - INFO - [MG] Acessando: https://pt.db-city.com/Brasil--Minas-Gerais
2026-03-24 15:51:56,914 - INFO - [MG] Encontradas 40 cidades
2026-03-24 15:51:56,983 - INFO - [MG] Belo Horizonte: @-19.8157,-43.9542,12.5z
2026-03-24 15:51:57,751 - INFO - [MG] Uberlândia: @-18.9113,-48.2622,12.5z
2026-03-24 15:51:58,789 - INFO - [MG] Contagem: @-19.9386,-44.0529,12.5z
2026-03-24 15:51:59,576 - INFO - [MG] Juiz de Fora: @-21.7642,-43.3496,12.5z
2026-03-24 15:52:00,363 - INFO - [MG] Betim: @-19.9676,-44.1991,12.5z
2026-03-24 15:52:01,482 - INFO - [MG] Montes Claros: @-16.737,-43.8647,12.5z
2026-03-24 15:52:02,251 - INFO - [MG] Ribeirão das Neves: @-19.7659,-44.087,12.5z
2026-03-24 15:52:03,026 - INFO - [MG] Uberaba: @-19.7502,-47.9325,12.5z
2026-03-24 15:52:03,816 - INFO - [MG] Governador Valadares: @-18.8505,-41.9481,12.5z
2026-03-24 15:52:04,596 - INFO - [MG] Ipatinga: @-19.469,-42.5367,12.5z
2026-03-24 15:52:05,369 - INFO - [MG] Sete Lagoas: @-19.4679,-44.2477,12.5z
2026-03-24 15:52:06,128 - INFO - [MG] Divinópolis: @-20.1394,-44.8872,12.5z
2026-03-24 15:52:06,950 - INFO - [MG] Santa Luzia: @-19.7672,-43.8524,12.5z
2026-03-24 15:52:07,749 - INFO - [MG] Ibirité: @-20.0194,-44.0561,12.5z
2026-03-24 15:52:08,530 - INFO - [MG] Poços de Caldas: @-21.7883,-46.5625,12.5z
2026-03-24 15:52:09,324 - INFO - [MG] Patos de Minas: @-18.5794,-46.5184,12.5z
2026-03-24 15:52:10,090 - INFO - [MG] Pouso Alegre: @-22.2341,-45.9332,12.5z
2026-03-24 15:52:10,936 - INFO - [MG] Teófilo Otoni: @-17.8588,-41.509,12.5z
2026-03-24 15:52:11,953 - INFO - [MG] Barbacena: @-21.2264,-43.7742,12.5z
2026-03-24 15:52:12,718 - INFO - [MG] Sabará: @-19.8892,-43.8048,12.5z
2026-03-24 15:52:13,740 - INFO - [MG] Varginha: @-21.5464,-45.4308,12.5z
2026-03-24 15:52:14,511 - INFO - [MG] Conselheiro Lafaiete: @-20.6597,-43.7855,12.5z
2026-03-24 15:52:15,275 - INFO - [MG] Vespasiano: @-19.6934,-43.9137,12.5z
2026-03-24 15:52:16,084 - INFO - [MG] Itabira: @-19.6657,-43.2121,12.5z
2026-03-24 15:52:17,120 - INFO - [MG] Araguari: @-18.651,-48.1854,12.5z
2026-03-24 15:52:17,879 - INFO - [MG] Ubá: @-21.1208,-42.943,12.5z
2026-03-24 15:52:18,895 - INFO - [MG] Passos: @-20.7204,-46.6101,12.5z
2026-03-24 15:52:19,714 - INFO - [MG] Coronel Fabriciano: @-19.5202,-42.6288,12.5z
2026-03-24 15:52:20,474 - INFO - [MG] Muriaé: @-21.1303,-42.3674,12.5z
2026-03-24 15:52:21,251 - INFO - [MG] Araxá: @-19.5934,-46.9408,12.5z
2026-03-24 15:52:22,030 - INFO - [MG] Ituiutaba: @-18.9653,-49.4636,12.5z
2026-03-24 15:52:22,810 - INFO - [MG] Lavras: @-21.2457,-44.9998,12.5z
2026-03-24 15:52:23,583 - INFO - [MG] Nova Serrana: @-19.8785,-44.9844,12.5z
2026-03-24 15:52:24,359 - INFO - [MG] Itajubá: @-22.4269,-45.453,12.5z
2026-03-24 15:52:25,153 - INFO - [MG] Nova Lima: @-19.9876,-43.8463,12.5z
2026-03-24 15:52:25,924 - INFO - [MG] Pará de Minas: @-19.8601,-44.6077,12.5z
2026-03-24 15:52:26,697 - INFO - [MG] Itaúna: @-20.0739,-44.5734,12.5z
2026-03-24 15:52:27,463 - INFO - [MG] Paracatu: @-17.2225,-46.8752,12.5z
2026-03-24 15:52:28,218 - INFO - [MG] Caratinga: @-19.7904,-42.1393,12.5z
2026-03-24 15:52:29,092 - INFO - [MG] Manhuaçu: @-20.267,-42.0366,12.5z
2026-03-24 15:52:29,794 - INFO - [MG] Salvo em resultados\minas_gerais_cities.json
2026-03-24 15:52:29,800 - INFO - Iniciando scraper: Mato Grosso do Sul (MS)
2026-03-24 15:52:29,801 - INFO - [MS] Acessando: https://pt.db-city.com/Brasil--Mato-Grosso-do-Sul
2026-03-24 15:52:30,323 - ERROR - [MS] Tabela com cidades não encontrada!
2026-03-24 15:52:30,324 - ERROR - [MS] Nenhuma cidade encontrada. Pulando...
2026-03-24 15:52:30,326 - INFO - Iniciando scraper: Mato Grosso (MT)
2026-03-24 15:52:30,326 - INFO - [MT] Acessando: https://pt.db-city.com/Brasil--Mato-Grosso
2026-03-24 15:52:31,100 - INFO - [MT] Encontradas 40 cidades
2026-03-24 15:52:31,160 - INFO - [MT] Cuiabá: @-15.5989,-56.0949,12.5z
2026-03-24 15:52:31,945 - INFO - [MT] Várzea Grande: @-15.6478,-56.1332,12.5z
2026-03-24 15:52:32,753 - INFO - [MT] Rondonópolis: @-16.4713,-54.6371,12.5z
2026-03-24 15:52:33,799 - INFO - [MT] Sinop: @-11.873,-55.4982,12.5z
2026-03-24 15:52:34,623 - INFO - [MT] Tangará da Serra: @-14.6279,-57.507,12.5z
2026-03-24 15:52:35,417 - INFO - [MT] Cáceres: @-16.0669,-57.6868,12.5z
2026-03-24 15:52:36,186 - INFO - [MT] Sorriso: @-12.5587,-55.7141,12.5z
2026-03-24 15:52:36,959 - INFO - [MT] Lucas do Rio Verde: @-13.0634,-55.921,12.5z
2026-03-24 15:52:37,767 - INFO - [MT] Primavera do Leste: @-15.5597,-54.2972,12.5z
2026-03-24 15:52:38,572 - INFO - [MT] Barra do Garças: @-15.893,-52.2599,12.5z
2026-03-24 15:52:39,396 - INFO - [MT] Alta Floresta: @-9.9,-55.9,12.5z
2026-03-24 15:52:40,162 - INFO - [MT] Pontes e Lacerda: @-15.2343,-59.3311,12.5z
2026-03-24 15:52:40,931 - INFO - [MT] Nova Mutum: @-13.8385,-56.0808,12.5z
2026-03-24 15:52:41,956 - INFO - [MT] Campo Verde: @-15.5455,-55.1663,12.5z
2026-03-24 15:52:42,715 - INFO - [MT] Juína: @-11.3811,-58.739,12.5z
2026-03-24 15:52:43,522 - INFO - [MT] Colniza: @-9.40034,-59.0326,12.5z
2026-03-24 15:52:44,720 - INFO - [MT] Guarantã do Norte: @-9.78596,-54.908,12.5z
2026-03-24 15:52:45,558 - INFO - [MT] Campo Novo do Parecis: @-13.6757,-57.8872,12.5z
2026-03-24 15:52:46,760 - INFO - [MT] Peixoto de Azevedo: @-10.2266,-54.9861,12.5z
2026-03-24 15:52:47,544 - INFO - [MT] Juara: @-11.2553,-57.5204,12.5z
2026-03-24 15:52:48,633 - INFO - [MT] Barra do Bugres: @-15.0738,-57.1741,12.5z
2026-03-24 15:52:49,691 - INFO - [MT] Colíder: @-10.8134,-55.4554,12.5z
2026-03-24 15:52:50,752 - INFO - [MT] Poconé: @-16.2571,-56.6246,12.5z
2026-03-24 15:52:51,566 - INFO - [MT] Confresa: @-10.6445,-51.5679,12.5z
2026-03-24 15:52:52,620 - INFO - [MT] Jaciara: @-15.9561,-54.9632,12.5z
2026-03-24 15:52:53,475 - INFO - [MT] Mirassol d'Oeste: @-15.6692,-58.0853,12.5z
2026-03-24 15:52:54,595 - INFO - [MT] Vila Rica: @-10.0118,-51.1136,12.5z
2026-03-24 15:52:55,728 - INFO - [MT] Sapezal: @-12.9894,-58.7645,12.5z
2026-03-24 15:52:56,555 - INFO - [MT] Água Boa: @-14.0553,-52.1592,12.5z
2026-03-24 15:52:57,387 - INFO - [MT] Paranatinga: @-14.4348,-54.0516,12.5z
2026-03-24 15:52:58,215 - INFO - [MT] Aripuanã: @-9.17931,-60.6306,12.5z
2026-03-24 15:52:59,071 - INFO - [MT] Diamantino: @-14.4031,-56.427,12.5z
2026-03-24 15:53:00,169 - INFO - [MT] Canarana: @-13.5392,-52.1636,12.5z
2026-03-24 15:53:01,046 - INFO - [MT] Nova Xavantina: @-14.6668,-52.3459,12.5z
2026-03-24 15:53:02,119 - INFO - [MT] Comodoro: @-13.6641,-59.7921,12.5z
2026-03-24 15:53:02,932 - INFO - [MT] São José do Rio Claro: @-13.4317,-56.7139,12.5z
2026-03-24 15:53:03,790 - INFO - [MT] Nova Olímpia: @-14.7839,-57.2965,12.5z
2026-03-24 15:53:04,894 - INFO - [MT] Chapada dos Guimarães: @-15.4528,-55.7392,12.5z
2026-03-24 15:53:06,104 - INFO - [MT] Cotriguaçu: @-9.85846,-58.4125,12.5z
2026-03-24 15:53:07,239 - INFO - [MT] Brasnorte: @-12.1538,-57.985,12.5z
2026-03-24 15:53:07,942 - INFO - [MT] Salvo em resultados\mato_grosso_cities.json
2026-03-24 15:53:07,948 - INFO - Iniciando scraper: Pará (PA)
2026-03-24 15:53:07,948 - INFO - [PA] Acessando: https://pt.db-city.com/Brasil--Pará
2026-03-24 15:53:08,883 - INFO - [PA] Encontradas 40 cidades
2026-03-24 15:53:09,060 - INFO - [PA] Belém: @-1.45502,-48.5024,12.5z
2026-03-24 15:53:09,822 - INFO - [PA] Ananindeua: @-1.36638,-48.3722,12.5z
2026-03-24 15:53:10,583 - INFO - [PA] Santarém: @-2.43944,-54.6987,12.5z
2026-03-24 15:53:11,361 - INFO - [PA] Marabá: @-5.36997,-49.1169,12.5z
2026-03-24 15:53:12,441 - INFO - [PA] Parauapebas: @-6.07074,-49.9043,12.5z
2026-03-24 15:53:13,205 - INFO - [PA] Castanhal: @-1.29733,-47.9221,12.5z
2026-03-24 15:53:13,962 - INFO - [PA] Abaetetuba: @-1.72951,-48.8743,12.5z
2026-03-24 15:53:14,983 - INFO - [PA] Cametá: @-2.25407,-49.5123,12.5z
2026-03-24 15:53:15,756 - INFO - [PA] Marituba: @-1.35532,-48.3432,12.5z
2026-03-24 15:53:16,812 - INFO - [PA] São Félix do Xingu: @-6.64141,-51.979,12.5z
2026-03-24 15:53:17,577 - INFO - [PA] Bragança: @-1.06595,-46.7895,12.5z
2026-03-24 15:53:18,615 - INFO - [PA] Barcarena: @-1.51891,-48.617,12.5z
2026-03-24 15:53:19,400 - INFO - [PA] Paragominas: @-2.99739,-47.3535,12.5z
2026-03-24 15:53:20,568 - INFO - [PA] Altamira: @-3.1946,-52.2093,12.5z
2026-03-24 15:53:21,345 - INFO - [PA] Tucuruí: @-3.76953,-49.6741,12.5z
2026-03-24 15:53:22,365 - INFO - [PA] Tailândia: @-2.94731,-48.9533,12.5z
2026-03-24 15:53:23,385 - INFO - [PA] Breves: @-1.68256,-50.4808,12.5z
2026-03-24 15:53:24,146 - INFO - [PA] Itaituba: @-4.26913,-55.9897,12.5z
2026-03-24 15:53:24,937 - INFO - [PA] Redenção: @-8.04293,-50.0229,12.5z
2026-03-24 15:53:25,693 - INFO - [PA] Moju: @-1.8847,-48.7652,12.5z
2026-03-24 15:53:26,721 - INFO - [PA] Novo Repartimento: @-4.33136,-49.7964,12.5z
2026-03-24 15:53:27,739 - INFO - [PA] Oriximiná: @-1.75994,-55.8625,12.5z
2026-03-24 15:53:28,759 - INFO - [PA] Santana do Araguaia: @-9.3,-50.1,12.5z
2026-03-24 15:53:29,655 - INFO - [PA] Santa Isabel do Pará: @-1.29938,-48.161,12.5z
2026-03-24 15:53:30,409 - INFO - [PA] Capanema: @-1.1964,-47.1816,12.5z
2026-03-24 15:53:31,172 - INFO - [PA] Breu Branco: @-4.00936,-49.4614,12.5z
2026-03-24 15:53:32,209 - INFO - [PA] Ipixuna do Pará: @-2.55864,-47.4959,12.5z
2026-03-24 15:53:33,259 - INFO - [PA] Tomé-Açu: @-2.41474,-48.1499,12.5z
2026-03-24 15:53:34,303 - INFO - [PA] Benevides: @-1.36133,-48.2454,12.5z
2026-03-24 15:53:35,083 - INFO - [PA] Igarapé-Miri: @-1.97708,-48.9594,12.5z
2026-03-24 15:53:36,108 - INFO - [PA] Portel: @-1.94229,-50.8091,12.5z
2026-03-24 15:53:36,874 - INFO - [PA] Viseu: @-1.19353,-46.1395,12.5z
2026-03-24 15:53:37,647 - INFO - [PA] Dom Eliseu: @-4.29661,-47.5566,12.5z
2026-03-24 15:53:38,436 - INFO - [PA] Ulianópolis: @-3.75889,-47.4905,12.5z
2026-03-24 15:53:39,463 - INFO - [PA] Jacundá: @-4.45247,-49.1109,12.5z
2026-03-24 15:53:40,484 - INFO - [PA] São Miguel do Guamá: @-1.62767,-47.4819,12.5z
2026-03-24 15:53:41,515 - INFO - [PA] Monte Alegre: @-1.99895,-54.0829,12.5z
2026-03-24 15:53:42,553 - INFO - [PA] Juruti: @-2.1533,-56.0872,12.5z
2026-03-24 15:53:43,587 - INFO - [PA] Alenquer: @-1.94247,-54.7374,12.5z
2026-03-24 15:53:44,527 - INFO - [PA] Acará: @-1.96033,-48.1965,12.5z
2026-03-24 15:53:45,231 - INFO - [PA] Salvo em resultados\pará_cities.json
2026-03-24 15:53:45,233 - INFO - Iniciando scraper: Paraíba (PB)
2026-03-24 15:53:45,234 - INFO - [PB] Acessando: https://pt.db-city.com/Brasil--Paraíba
2026-03-24 15:53:46,052 - INFO - [PB] Encontradas 40 cidades
2026-03-24 15:53:46,269 - INFO - [PB] João Pessoa: @-7.11532,-34.861,12.5z
2026-03-24 15:53:47,066 - INFO - [PB] Campina Grande: @-7.23072,-35.8817,12.5z
2026-03-24 15:53:48,179 - INFO - [PB] Santa Rita: @-7.11631,-34.9812,12.5z
2026-03-24 15:53:48,963 - INFO - [PB] Patos: @-7.02556,-37.2779,12.5z
2026-03-24 15:53:50,094 - INFO - [PB] Bayeux: @-7.12499,-34.9321,12.5z
2026-03-24 15:53:50,865 - INFO - [PB] Sousa: @-6.76782,-38.2099,12.5z
2026-03-24 15:53:51,637 - INFO - [PB] Cabedelo: @-6.98021,-34.8304,12.5z
2026-03-24 15:53:52,417 - INFO - [PB] Cajazeiras: @-6.88634,-38.5614,12.5z
2026-03-24 15:53:53,179 - INFO - [PB] Guarabira: @-6.85552,-35.4901,12.5z
2026-03-24 15:53:54,225 - INFO - [PB] Sapé: @-7.09421,-35.2327,12.5z
2026-03-24 15:53:55,262 - INFO - [PB] Mamanguape: @-6.83869,-35.1365,12.5z
2026-03-24 15:53:56,306 - INFO - [PB] Queimadas: @-7.35809,-35.9019,12.5z
2026-03-24 15:53:57,341 - INFO - [PB] São Bento: @-7.28333,-37.5,12.5z
2026-03-24 15:53:58,367 - INFO - [PB] Monteiro: @-7.8915,-37.1169,12.5z
2026-03-24 15:53:59,401 - INFO - [PB] Esperança: @-7.02688,-35.8595,12.5z
2026-03-24 15:54:00,534 - INFO - [PB] Pombal: @-6.76885,-37.7957,12.5z
2026-03-24 15:54:01,295 - INFO - [PB] Catolé do Rocha: @-6.34103,-37.7496,12.5z
2026-03-24 15:54:02,063 - INFO - [PB] Alagoa Grande: @-7.08224,-35.5992,12.5z
2026-03-24 15:54:02,824 - INFO - [PB] Pedras de Fogo: @-7.40194,-35.1158,12.5z
2026-03-24 15:54:03,607 - INFO - [PB] Lagoa Seca: @-7.16891,-35.8556,12.5z
2026-03-24 15:54:04,634 - INFO - [PB] Solânea: @-6.76604,-35.7174,12.5z
2026-03-24 15:54:05,448 - INFO - [PB] Itaporanga: @-7.30274,-38.1504,12.5z
2026-03-24 15:54:06,234 - INFO - [PB] Conde: @-7.26069,-34.9083,12.5z
2026-03-24 15:54:07,284 - INFO - [PB] Itabaiana: @-7.32939,-35.3333,12.5z
2026-03-24 15:54:08,050 - INFO - [PB] Rio Tinto: @-6.80594,-35.0757,12.5z
2026-03-24 15:54:08,815 - INFO - [PB] Princesa Isabel: @-7.73679,-37.9879,12.5z
2026-03-24 15:54:09,852 - INFO - [PB] Areia: @-6.96179,-35.6953,12.5z
2026-03-24 15:54:10,871 - INFO - [PB] Mari: @-7.04991,-35.311,12.5z
2026-03-24 15:54:11,924 - INFO - [PB] Caaporã: @-7.51577,-34.9082,12.5z
2026-03-24 15:54:12,688 - INFO - [PB] Bananeiras: @-6.75105,-35.6334,12.5z
2026-03-24 15:54:13,717 - INFO - [PB] Alagoa Nova: @-7.06799,-35.7611,12.5z
2026-03-24 15:54:14,801 - INFO - [PB] Cuité: @-6.48173,-36.1496,12.5z
2026-03-24 15:54:15,569 - INFO - [PB] Araruna: @-6.55585,-35.7475,12.5z
2026-03-24 15:54:16,638 - INFO - [PB] São José de Piranhas: @-7.11809,-38.5015,12.5z
2026-03-24 15:54:17,656 - INFO - [PB] Remígio: @-6.89156,-35.8309,12.5z
2026-03-24 15:54:18,430 - INFO - [PB] Alhandra: @-7.43933,-34.9136,12.5z
2026-03-24 15:54:19,473 - INFO - [PB] Aroeiras: @-7.5481,-35.7181,12.5z
2026-03-24 15:54:20,292 - INFO - [PB] Pitimbu: @-7.47147,-34.8123,12.5z
2026-03-24 15:54:21,365 - INFO - [PB] Conceição: @-7.55195,-38.51,12.5z
2026-03-24 15:54:22,407 - INFO - [PB] Picuí: @-6.54727,-36.3621,12.5z
2026-03-24 15:54:23,109 - INFO - [PB] Salvo em resultados\paraíba_cities.json
2026-03-24 15:54:23,112 - INFO - Iniciando scraper: Pernambuco (PE)
2026-03-24 15:54:23,113 - INFO - [PE] Acessando: https://pt.db-city.com/Brasil--Pernambuco
2026-03-24 15:54:23,887 - INFO - [PE] Encontradas 40 cidades
2026-03-24 15:54:23,971 - INFO - [PE] Recife: @-8.05428,-34.8813,12.5z
2026-03-24 15:54:24,742 - INFO - [PE] Jaboatão dos Guararapes: @-8.11208,-35.0154,12.5z
2026-03-24 15:54:25,601 - INFO - [PE] Olinda: @-8.00937,-34.8553,12.5z
2026-03-24 15:54:26,360 - INFO - [PE] Caruaru: @-8.28139,-35.9735,12.5z
2026-03-24 15:54:27,508 - INFO - [PE] Petrolina: @-9.39416,-40.5096,12.5z
2026-03-24 15:54:28,283 - INFO - [PE] Paulista: @-7.94009,-34.8723,12.5z
2026-03-24 15:54:29,047 - INFO - [PE] Cabo de Santo Agostinho: @-8.28744,-35.0353,12.5z
2026-03-24 15:54:30,091 - INFO - [PE] Camaragibe: @-8.02044,-34.9817,12.5z
2026-03-24 15:54:31,133 - INFO - [PE] Garanhuns: @-8.89074,-36.4966,12.5z
2026-03-24 15:54:32,182 - INFO - [PE] Vitória de Santo Antão: @-8.11389,-35.2915,12.5z
2026-03-24 15:54:33,007 - INFO - [PE] Igarassu: @-7.83437,-34.9064,12.5z
2026-03-24 15:54:34,061 - INFO - [PE] São Lourenço da Mata: @-8.00352,-35.0214,12.5z
2026-03-24 15:54:34,829 - INFO - [PE] Santa Cruz do Capibaribe: @-7.94217,-36.2317,12.5z
2026-03-24 15:54:35,609 - INFO - [PE] Abreu e Lima: @-7.91014,-34.9033,12.5z
2026-03-24 15:54:36,654 - INFO - [PE] Ipojuca: @-8.40012,-35.0643,12.5z
2026-03-24 15:54:37,736 - INFO - [PE] Serra Talhada: @-7.98526,-38.2929,12.5z
2026-03-24 15:54:38,518 - INFO - [PE] Araripina: @-7.57807,-40.4968,12.5z
2026-03-24 15:54:39,304 - INFO - [PE] Gravatá: @-8.2096,-35.5695,12.5z
2026-03-24 15:54:40,331 - INFO - [PE] Carpina: @-7.84594,-35.2549,12.5z
2026-03-24 15:54:41,172 - INFO - [PE] Goiana: @-7.572,-35.002,12.5z
2026-03-24 15:54:42,228 - INFO - [PE] Belo Jardim: @-8.33579,-36.4245,12.5z
2026-03-24 15:54:43,028 - INFO - [PE] Arcoverde: @-8.41955,-37.0652,12.5z
2026-03-24 15:54:44,060 - INFO - [PE] Ouricuri: @-7.87793,-40.0783,12.5z
2026-03-24 15:54:45,095 - INFO - [PE] Escada: @-8.35892,-35.224,12.5z
2026-03-24 15:54:46,055 - INFO - [PE] Pesqueira: @-8.35966,-36.6949,12.5z
2026-03-24 15:54:47,140 - INFO - [PE] Surubim: @-7.84995,-35.7549,12.5z
2026-03-24 15:54:47,941 - INFO - [PE] Palmares: @-8.68875,-35.5912,12.5z
2026-03-24 15:54:48,996 - INFO - [PE] Moreno: @-8.11777,-35.0931,12.5z
2026-03-24 15:54:49,806 - INFO - [PE] Salgueiro: @-8.06755,-39.1242,12.5z
2026-03-24 15:54:50,863 - INFO - [PE] Bezerros: @-8.24262,-35.7852,12.5z
2026-03-24 15:54:51,942 - INFO - [PE] São Bento do Una: @-8.52235,-36.4435,12.5z
2026-03-24 15:54:53,146 - INFO - [PE] Buíque: @-8.61423,-37.1608,12.5z
2026-03-24 15:54:54,204 - INFO - [PE] Paudalho: @-7.89187,-35.1769,12.5z
2026-03-24 15:54:55,311 - INFO - [PE] Limoeiro: @-7.87232,-35.4398,12.5z
2026-03-24 15:54:56,340 - INFO - [PE] Timbaúba: @-7.5031,-35.314,12.5z
2026-03-24 15:54:57,372 - INFO - [PE] Brejo da Madre de Deus: @-8.14254,-36.3729,12.5z
2026-03-24 15:54:58,401 - INFO - [PE] Bom Conselho: @-9.16421,-36.6833,12.5z
2026-03-24 15:54:59,430 - INFO - [PE] Ribeirão: @-8.50316,-35.3739,12.5z
2026-03-24 15:55:00,545 - INFO - [PE] Sirinhaém: @-8.5893,-35.1153,12.5z
2026-03-24 15:55:01,577 - INFO - [PE] Toritama: @-7.99898,-36.0522,12.5z
2026-03-24 15:55:02,282 - INFO - [PE] Salvo em resultados\pernambuco_cities.json
2026-03-24 15:55:02,289 - INFO - Iniciando scraper: Piauí (PI)
2026-03-24 15:55:02,290 - INFO - [PI] Acessando: https://pt.db-city.com/Brasil--Piauí
2026-03-24 15:55:03,106 - INFO - [PI] Encontradas 40 cidades
2026-03-24 15:55:03,181 - INFO - [PI] Teresina: @-5.08921,-42.8016,12.5z
2026-03-24 15:55:04,363 - INFO - [PI] Parnaíba: @-2.90393,-41.7763,12.5z
2026-03-24 15:55:05,430 - INFO - [PI] Picos: @-7.08699,-41.4699,12.5z
2026-03-24 15:55:06,488 - INFO - [PI] Piripiri: @-4.27273,-41.7734,12.5z
2026-03-24 15:55:07,283 - INFO - [PI] Floriano: @-6.76725,-43.0257,12.5z
2026-03-24 15:55:08,339 - INFO - [PI] Barras: @-4.24948,-42.2946,12.5z
2026-03-24 15:55:09,379 - INFO - [PI] Campo Maior: @-4.82828,-42.1695,12.5z
2026-03-24 15:55:10,164 - INFO - [PI] União: @-4.59008,-42.8602,12.5z
2026-03-24 15:55:11,470 - INFO - [PI] Altos: @-5.03991,-42.4613,12.5z
2026-03-24 15:55:12,506 - INFO - [PI] Esperantina: @-3.90354,-42.2339,12.5z
2026-03-24 15:55:13,560 - INFO - [PI] José de Freitas: @-4.75309,-42.5767,12.5z
2026-03-24 15:55:14,369 - INFO - [PI] Pedro II: @-4.42302,-41.4595,12.5z
2026-03-24 15:55:15,399 - INFO - [PI] Oeiras: @-7.02042,-42.1317,12.5z
2026-03-24 15:55:16,166 - INFO - [PI] São Raimundo Nonato: @-9.01506,-42.6973,12.5z
2026-03-24 15:55:17,211 - INFO - [PI] Miguel Alves: @-4.16693,-42.8934,12.5z
2026-03-24 15:55:18,248 - INFO - [PI] Luís Correia: @-2.89636,-41.6591,12.5z
2026-03-24 15:55:19,317 - INFO - [PI] Piracuruca: @-3.92816,-41.7117,12.5z
2026-03-24 15:55:20,084 - INFO - [PI] Cocal: @-3.47571,-41.5579,12.5z
2026-03-24 15:55:21,140 - INFO - [PI] Batalha: @-4.02362,-42.0802,12.5z
2026-03-24 15:55:22,163 - INFO - [PI] Corrente: @-10.4418,-45.1645,12.5z
2026-03-24 15:55:23,194 - INFO - [PI] Luzilândia: @-3.46113,-42.3717,12.5z
2026-03-24 15:55:24,226 - INFO - [PI] Bom Jesus: @-9.07505,-44.3573,12.5z
2026-03-24 15:55:25,020 - INFO - [PI] Uruçuí: @-7.23389,-44.554,12.5z
2026-03-24 15:55:25,796 - INFO - [PI] Canto do Buriti: @-8.11137,-42.9466,12.5z
2026-03-24 15:55:26,842 - INFO - [PI] Valença do Piauí: @-6.40753,-41.7481,12.5z
2026-03-24 15:55:27,636 - INFO - [PI] São João do Piauí: @-8.36076,-42.251,12.5z
2026-03-24 15:55:28,749 - INFO - [PI] Paulistana: @-8.15539,-41.154,12.5z
2026-03-24 15:55:29,788 - INFO - [PI] Buriti dos Lopes: @-3.17936,-41.87,12.5z
2026-03-24 15:55:30,643 - INFO - [PI] Castelo do Piauí: @-5.32167,-41.5531,12.5z
2026-03-24 15:55:31,455 - INFO - [PI] Jaicós: @-7.35804,-41.1332,12.5z
2026-03-24 15:55:32,514 - INFO - [PI] Pio IX: @-6.84773,-40.5836,12.5z
2026-03-24 15:55:33,582 - INFO - [PI] Regeneração: @-6.23517,-42.686,12.5z
2026-03-24 15:55:34,638 - INFO - [PI] São Miguel do Tapuio: @-5.49607,-41.3128,12.5z
2026-03-24 15:55:35,674 - INFO - [PI] Amarante: @-6.23917,-42.851,12.5z
2026-03-24 15:55:36,716 - INFO - [PI] Água Branca: @-5.89015,-42.6386,12.5z
2026-03-24 15:55:37,633 - INFO - [PI] Inhuma: @-6.6684,-41.7087,12.5z
2026-03-24 15:55:38,952 - INFO - [PI] Simões: @-7.60315,-40.8041,12.5z
2026-03-24 15:55:39,986 - INFO - [PI] Elesbão Veloso: @-6.20545,-42.1329,12.5z
2026-03-24 15:55:41,104 - INFO - [PI] Palmeirais: @-5.96971,-43.0537,12.5z
2026-03-24 15:55:42,179 - INFO - [PI] Joaquim Pires: @-3.50744,-42.1857,12.5z
2026-03-24 15:55:42,883 - INFO - [PI] Salvo em resultados\piauí_cities.json
2026-03-24 15:55:42,889 - INFO - Iniciando scraper: Paraná (PR)
2026-03-24 15:55:42,889 - INFO - [PR] Acessando: https://pt.db-city.com/Brasil--Paraná
2026-03-24 15:55:43,677 - INFO - [PR] Encontradas 40 cidades
2026-03-24 15:55:43,736 - INFO - [PR] Curitiba: @-25.4284,-49.2733,12.5z
2026-03-24 15:55:44,539 - INFO - [PR] Londrina: @-23.2927,-51.1732,12.5z
2026-03-24 15:55:45,335 - INFO - [PR] Maringá: @-23.4273,-51.9375,12.5z
2026-03-24 15:55:46,379 - INFO - [PR] Ponta Grossa: @-25.0945,-50.1633,12.5z
2026-03-24 15:55:47,175 - INFO - [PR] Cascavel: @-24.9555,-53.4552,12.5z
2026-03-24 15:55:47,964 - INFO - [PR] São José dos Pinhais: @-25.5307,-49.1958,12.5z
2026-03-24 15:55:48,722 - INFO - [PR] Foz do Iguaçu: @-25.5469,-54.5882,12.5z
2026-03-24 15:55:49,498 - INFO - [PR] Colombo: @-25.2931,-49.2233,12.5z
2026-03-24 15:55:50,583 - INFO - [PR] Cruzeiro do Oeste: @-23.7852,-53.0734,12.5z
2026-03-24 15:55:51,369 - INFO - [PR] Guarapuava: @-25.3935,-51.4562,12.5z
2026-03-24 15:55:52,455 - INFO - [PR] Paranaguá: @-25.5205,-48.5095,12.5z
2026-03-24 15:55:53,507 - INFO - [PR] Araucária: @-25.5874,-49.405,12.5z
2026-03-24 15:55:54,474 - INFO - [PR] Toledo: @-24.7199,-53.7433,12.5z
2026-03-24 15:55:55,236 - INFO - [PR] Apucarana: @-23.5515,-51.4614,12.5z
2026-03-24 15:55:56,020 - INFO - [PR] Pinhais: @-25.4325,-49.1931,12.5z
2026-03-24 15:55:56,802 - INFO - [PR] Campo Largo: @-25.459,-49.532,12.5z
2026-03-24 15:55:57,599 - INFO - [PR] Arapongas: @-23.4199,-51.4254,12.5z
2026-03-24 15:55:58,659 - INFO - [PR] Almirante Tamandaré: @-25.314,-49.3028,12.5z
2026-03-24 15:55:59,467 - INFO - [PR] Piraquara: @-25.4438,-49.0622,12.5z
2026-03-24 15:56:00,263 - INFO - [PR] Umuarama: @-23.7641,-53.3184,12.5z
2026-03-24 15:56:01,104 - INFO - [PR] Cambé: @-23.2751,-51.2815,12.5z
2026-03-24 15:56:01,876 - INFO - [PR] Fazenda Rio Grande: @-25.6585,-49.3088,12.5z
2026-03-24 15:56:02,917 - INFO - [PR] Sarandi: @-23.4522,-51.8527,12.5z
2026-03-24 15:56:03,677 - INFO - [PR] Campo Mourão: @-24.046,-52.3838,12.5z
2026-03-24 15:56:04,776 - INFO - [PR] Francisco Beltrão: @-26.0783,-53.0531,12.5z
2026-03-24 15:56:05,636 - INFO - [PR] Paranavaí: @-23.0738,-52.4653,12.5z
2026-03-24 15:56:06,418 - INFO - [PR] Pato Branco: @-26.2295,-52.6716,12.5z
2026-03-24 15:56:07,453 - INFO - [PR] Cianorte: @-23.6633,-52.6055,12.5z
2026-03-24 15:56:08,218 - INFO - [PR] Telêmaco Borba: @-24.3244,-50.6164,12.5z
2026-03-24 15:56:08,984 - INFO - [PR] Castro: @-24.7922,-50.0117,12.5z
2026-03-24 15:56:09,745 - INFO - [PR] Rolândia: @-23.3105,-51.3695,12.5z
2026-03-24 15:56:10,829 - INFO - [PR] Irati: @-25.4674,-50.6511,12.5z
2026-03-24 15:56:11,599 - INFO - [PR] União da Vitória: @-26.2304,-51.0866,12.5z
2026-03-24 15:56:12,365 - INFO - [PR] Ibiporã: @-23.2695,-51.0437,12.5z
2026-03-24 15:56:13,429 - INFO - [PR] Marechal Cândido Rondon: @-24.5567,-54.0567,12.5z
2026-03-24 15:56:14,187 - INFO - [PR] Prudentópolis: @-25.2155,-50.9689,12.5z
2026-03-24 15:56:15,224 - INFO - [PR] Palmas: @-26.4842,-51.9915,12.5z
2026-03-24 15:56:16,009 - INFO - [PR] Lapa: @-25.7709,-49.7188,12.5z
2026-03-24 15:56:16,783 - INFO - [PR] Cornélio Procópio: @-23.1813,-50.648,12.5z
2026-03-24 15:56:17,632 - INFO - [PR] São Mateus do Sul: @-25.8767,-50.3842,12.5z
2026-03-24 15:56:18,377 - INFO - [PR] Salvo em resultados\paraná_cities.json
2026-03-24 15:56:18,381 - INFO - Iniciando scraper: Rio de Janeiro (RJ)
2026-03-24 15:56:18,381 - INFO - [RJ] Acessando: https://pt.db-city.com/Brasil--Rio-de-Janeiro
2026-03-24 15:56:19,292 - ERROR - [RJ] Tabela com cidades não encontrada!
2026-03-24 15:56:19,293 - ERROR - [RJ] Nenhuma cidade encontrada. Pulando...
2026-03-24 15:56:19,296 - INFO - Iniciando scraper: Rio Grande do Norte (RN)
2026-03-24 15:56:19,297 - INFO - [RN] Acessando: https://pt.db-city.com/Brasil--Rio-Grande-do-Norte
2026-03-24 15:56:20,151 - INFO - [RN] Encontradas 40 cidades
2026-03-24 15:56:20,256 - INFO - [RN] Natal: @-5.79448,-35.211,12.5z
2026-03-24 15:56:21,067 - INFO - [RN] Mossoró: @-5.18804,-37.3441,12.5z
2026-03-24 15:56:21,827 - INFO - [RN] Parnamirim: @-5.90606,-35.2604,12.5z
2026-03-24 15:56:22,868 - INFO - [RN] São Gonçalo do Amarante: @-5.79341,-35.3288,12.5z
2026-03-24 15:56:23,884 - INFO - [RN] Macaíba: @-5.86006,-35.3498,12.5z
2026-03-24 15:56:24,656 - INFO - [RN] Ceará-Mirim: @-5.63518,-35.4202,12.5z
2026-03-24 15:56:25,740 - INFO - [RN] Caicó: @-6.45981,-37.099,12.5z
2026-03-24 15:56:26,783 - INFO - [RN] Assu: @-5.57728,-36.9084,12.5z
2026-03-24 15:56:27,546 - INFO - [RN] Currais Novos: @-6.26294,-36.5177,12.5z
2026-03-24 15:56:28,313 - INFO - [RN] São José de Mipibu: @-6.07269,-35.2351,12.5z
2026-03-24 15:56:29,108 - INFO - [RN] Santa Cruz: @-6.22941,-36.0233,12.5z
2026-03-24 15:56:30,182 - INFO - [RN] Nova Cruz: @-6.47926,-35.4348,12.5z
2026-03-24 15:56:30,960 - INFO - [RN] Apodi: @-5.64953,-37.7958,12.5z
2026-03-24 15:56:31,988 - INFO - [RN] João Câmara: @-5.54387,-35.8145,12.5z
2026-03-24 15:56:33,037 - INFO - [RN] Canguaretama: @-6.38285,-35.1249,12.5z
2026-03-24 15:56:33,804 - INFO - [RN] Touros: @-5.19918,-35.461,12.5z
2026-03-24 15:56:34,649 - INFO - [RN] Macau: @-5.11127,-36.6261,12.5z
2026-03-24 15:56:35,433 - INFO - [RN] Pau dos Ferros: @-6.10249,-38.2092,12.5z
2026-03-24 15:56:36,467 - INFO - [RN] Extremoz: @-5.70602,-35.3067,12.5z
2026-03-24 15:56:37,517 - INFO - [RN] Baraúna: @-5.07058,-37.6173,12.5z
2026-03-24 15:56:38,568 - INFO - [RN] Areia Branca: @-4.94771,-37.1244,12.5z
2026-03-24 15:56:39,598 - INFO - [RN] Nísia Floresta: @-6.09359,-35.2104,12.5z
2026-03-24 15:56:40,644 - INFO - [RN] Goianinha: @-6.26892,-35.209,12.5z
2026-03-24 15:56:41,450 - INFO - [RN] Santo Antônio: @-6.31465,-35.4785,12.5z
2026-03-24 15:56:42,309 - INFO - [RN] São Miguel: @-6.21481,-38.4968,12.5z
2026-03-24 15:56:43,375 - INFO - [RN] Monte Alegre: @-5.88333,-36.3,12.5z
2026-03-24 15:56:44,389 - INFO - [RN] Parelhas: @-6.68839,-36.658,12.5z
2026-03-24 15:56:45,438 - INFO - [RN] Caraúbas: @-5.79591,-37.5531,12.5z
2026-03-24 15:56:46,490 - INFO - [RN] Jucurutu: @-6.03412,-37.0207,12.5z
2026-03-24 15:56:47,528 - INFO - [RN] São Paulo do Potengi: @-5.89567,-35.758,12.5z
2026-03-24 15:56:48,289 - INFO - [RN] Tangará: @-6.19974,-35.8012,12.5z
2026-03-24 15:56:49,327 - INFO - [RN] Guamaré: @-5.095,-36.3248,12.5z
2026-03-24 15:56:50,439 - INFO - [RN] Lagoa Nova: @-6.09576,-36.469,12.5z
2026-03-24 15:56:51,203 - INFO - [RN] Ipanguaçu: @-5.49887,-36.8528,12.5z
2026-03-24 15:56:51,990 - INFO - [RN] Poço Branco: @-5.62488,-35.6615,12.5z
2026-03-24 15:56:53,112 - INFO - [RN] Pendências: @-5.25774,-36.7239,12.5z
2026-03-24 15:56:54,152 - INFO - [RN] Jardim de Piranhas: @-6.379,-37.3507,12.5z
2026-03-24 15:56:54,942 - INFO - [RN] Pedro Velho: @-6.43969,-35.2219,12.5z
2026-03-24 15:56:55,977 - INFO - [RN] Upanema: @-5.64228,-37.2575,12.5z
2026-03-24 15:56:57,021 - INFO - [RN] Alto do Rodrigues: @-5.28915,-36.758,12.5z
2026-03-24 15:56:57,724 - INFO - [RN] Salvo em resultados\rio_grande_do_norte_cities.json
2026-03-24 15:56:57,727 - INFO - Iniciando scraper: Rondônia (RO)
2026-03-24 15:56:57,727 - INFO - [RO] Acessando: https://pt.db-city.com/Brasil--Rondônia
2026-03-24 15:56:58,488 - ERROR - [RO] Tabela com cidades não encontrada!
2026-03-24 15:56:58,488 - ERROR - [RO] Nenhuma cidade encontrada. Pulando...
2026-03-24 15:56:58,490 - INFO - Iniciando scraper: Roraima (RR)
2026-03-24 15:56:58,491 - INFO - [RR] Acessando: https://pt.db-city.com/Brasil--Roraima
2026-03-24 15:56:59,340 - ERROR - [RR] Tabela com cidades não encontrada!
2026-03-24 15:56:59,341 - ERROR - [RR] Nenhuma cidade encontrada. Pulando...
2026-03-24 15:56:59,343 - INFO - Iniciando scraper: Rio Grande do Sul (RS)
2026-03-24 15:56:59,344 - INFO - [RS] Acessando: https://pt.db-city.com/Brasil--Rio-Grande-do-Sul
2026-03-24 15:56:59,835 - INFO - [RS] Encontradas 40 cidades
2026-03-24 15:56:59,918 - INFO - [RS] Porto Alegre: @-30.0277,-51.2287,12.5z
2026-03-24 15:57:00,683 - INFO - [RS] Caxias do Sul: @-29.1678,-51.1794,12.5z
2026-03-24 15:57:01,492 - INFO - [RS] Canoas: @-29.9189,-51.1781,12.5z
2026-03-24 15:57:02,268 - INFO - [RS] Pelotas: @-31.776,-52.3594,12.5z
2026-03-24 15:57:03,173 - INFO - [RS] Santa Maria: @-29.6914,-53.8008,12.5z
2026-03-24 15:57:03,937 - INFO - [RS] Gravataí: @-29.9357,-51.0166,12.5z
2026-03-24 15:57:04,703 - INFO - [RS] Viamão: @-30.0884,-51.0238,12.5z
2026-03-24 15:57:05,475 - INFO - [RS] Novo Hamburgo: @-29.6846,-51.1419,12.5z
2026-03-24 15:57:06,254 - INFO - [RS] São Leopoldo: @-29.7608,-51.1522,12.5z
2026-03-24 15:57:07,297 - INFO - [RS] Rio Grande: @-32.0332,-52.0986,12.5z
2026-03-24 15:57:08,087 - INFO - [RS] Alvorada: @-30.0002,-51.0784,12.5z
2026-03-24 15:57:08,931 - INFO - [RS] Passo Fundo: @-28.2612,-52.4083,12.5z
2026-03-24 15:57:10,071 - INFO - [RS] Sapucaia do Sul: @-29.842,-51.1462,12.5z
2026-03-24 15:57:10,855 - INFO - [RS] Santa Cruz do Sul: @-29.7131,-52.4316,12.5z
2026-03-24 15:57:11,660 - INFO - [RS] Cachoeirinha: @-29.9477,-51.0954,12.5z
2026-03-24 15:57:12,431 - INFO - [RS] Uruguaiana: @-29.7495,-57.0882,12.5z
2026-03-24 15:57:13,195 - INFO - [RS] Bagé: @-31.3285,-54.1073,12.5z
2026-03-24 15:57:13,949 - INFO - [RS] Bento Gonçalves: @-29.1739,-51.5185,12.5z
2026-03-24 15:57:14,972 - INFO - [RS] Erechim: @-27.6305,-52.2364,12.5z
2026-03-24 15:57:15,748 - INFO - [RS] Guaíba: @-30.1141,-51.3281,12.5z
2026-03-24 15:57:16,524 - INFO - [RS] Lajeado: @-29.4685,-51.9653,12.5z
2026-03-24 15:57:17,303 - INFO - [RS] Ijuí: @-28.3885,-53.9155,12.5z
2026-03-24 15:57:18,116 - INFO - [RS] Esteio: @-29.8611,-51.1809,12.5z
2026-03-24 15:57:18,888 - INFO - [RS] Cachoeira do Sul: @-30.0125,-52.9198,12.5z
2026-03-24 15:57:19,924 - INFO - [RS] Sapiranga: @-29.6442,-51.0097,12.5z
2026-03-24 15:57:20,699 - INFO - [RS] Santo Ângelo: @-28.3003,-54.2635,12.5z
2026-03-24 15:57:21,467 - INFO - [RS] Santana do Livramento: @-30.8897,-55.5323,12.5z
2026-03-24 15:57:22,520 - INFO - [RS] Alegrete: @-29.7848,-55.7757,12.5z
2026-03-24 15:57:23,391 - INFO - [RS] Santa Rosa: @-27.871,-54.482,12.5z
2026-03-24 15:57:24,147 - INFO - [RS] Farroupilha: @-29.2246,-51.351,12.5z
2026-03-24 15:57:25,187 - INFO - [RS] Venâncio Aires: @-29.606,-52.1944,12.5z
2026-03-24 15:57:25,974 - INFO - [RS] Campo Bom: @-29.6803,-51.0536,12.5z
2026-03-24 15:57:26,978 - INFO - [RS] Camaquã: @-30.8515,-51.8129,12.5z
2026-03-24 15:57:27,732 - INFO - [RS] Vacaria: @-28.5107,-50.9298,12.5z
2026-03-24 15:57:28,570 - INFO - [RS] Montenegro: @-29.6892,-51.467,12.5z
2026-03-24 15:57:29,356 - INFO - [RS] Carazinho: @-28.2783,-52.7665,12.5z
2026-03-24 15:57:30,118 - INFO - [RS] São Gabriel: @-30.3439,-54.3419,12.5z
2026-03-24 15:57:30,901 - INFO - [RS] Cruz Alta: @-28.6394,-53.6062,12.5z
2026-03-24 15:57:31,679 - INFO - [RS] São Borja: @-28.6829,-55.9775,12.5z
2026-03-24 15:57:32,442 - INFO - [RS] Parobé: @-29.6307,-50.8257,12.5z
2026-03-24 15:57:33,147 - INFO - [RS] Salvo em resultados\rio_grande_do_sul_cities.json
2026-03-24 15:57:33,155 - INFO - Iniciando scraper: Santa Catarina (SC)
2026-03-24 15:57:33,156 - INFO - [SC] Acessando: https://pt.db-city.com/Brasil--Santa-Catarina
2026-03-24 15:57:33,641 - INFO - [SC] Encontradas 40 cidades
2026-03-24 15:57:33,706 - INFO - [SC] Joinville: @-26.3051,-48.8461,12.5z
2026-03-24 15:57:34,462 - INFO - [SC] Florianópolis: @-27.5969,-48.5495,12.5z
2026-03-24 15:57:35,263 - INFO - [SC] Blumenau: @-26.9187,-49.066,12.5z
2026-03-24 15:57:36,038 - INFO - [SC] São José: @-27.5884,-48.6128,12.5z
2026-03-24 15:57:36,810 - INFO - [SC] Chapecó: @-27.0968,-52.6186,12.5z
2026-03-24 15:57:37,590 - INFO - [SC] Itajaí: @-26.9083,-48.6626,12.5z
2026-03-24 15:57:38,354 - INFO - [SC] Criciúma: @-28.6783,-49.3704,12.5z
2026-03-24 15:57:39,106 - INFO - [SC] Jaraguá do Sul: @-26.4853,-49.0672,12.5z
2026-03-24 15:57:39,931 - INFO - [SC] Palhoça: @-27.6427,-48.6695,12.5z
2026-03-24 15:57:40,739 - INFO - [SC] Lages: @-27.8167,-50.3264,12.5z
2026-03-24 15:57:41,527 - INFO - [SC] Balneário Camboriú: @-26.9911,-48.6352,12.5z
2026-03-24 15:57:42,576 - INFO - [SC] Brusque: @-27.0986,-48.9178,12.5z
2026-03-24 15:57:43,334 - INFO - [SC] Tubarão: @-28.467,-49.0075,12.5z
2026-03-24 15:57:44,097 - INFO - [SC] São Bento do Sul: @-26.2511,-49.3802,12.5z
2026-03-24 15:57:44,950 - INFO - [SC] Camboriú: @-27.0258,-48.6549,12.5z
2026-03-24 15:57:45,766 - INFO - [SC] Navegantes: @-26.8994,-48.6553,12.5z
2026-03-24 15:57:46,536 - INFO - [SC] Caçador: @-26.7757,-51.0155,12.5z
2026-03-24 15:57:47,291 - INFO - [SC] Concórdia: @-27.2342,-52.0286,12.5z
2026-03-24 15:57:48,301 - INFO - [SC] Rio do Sul: @-27.2145,-49.6435,12.5z
2026-03-24 15:57:49,068 - INFO - [SC] Gaspar: @-26.9318,-48.9594,12.5z
2026-03-24 15:57:49,820 - INFO - [SC] Indaial: @-26.8975,-49.2317,12.5z
2026-03-24 15:57:50,572 - INFO - [SC] Biguaçu: @-27.4946,-48.656,12.5z
2026-03-24 15:57:51,364 - INFO - [SC] Araranguá: @-28.9356,-49.4864,12.5z
2026-03-24 15:57:52,149 - INFO - [SC] Itapema: @-27.091,-48.612,12.5z
2026-03-24 15:57:53,171 - INFO - [SC] Içara: @-28.7138,-49.3006,12.5z
2026-03-24 15:57:53,952 - INFO - [SC] Mafra: @-26.1116,-49.8069,12.5z
2026-03-24 15:57:54,723 - INFO - [SC] Canoinhas: @-26.1778,-50.3903,12.5z
2026-03-24 15:57:55,540 - INFO - [SC] Videira: @-27.008,-51.1523,12.5z
2026-03-24 15:57:56,604 - INFO - [SC] São Francisco do Sul: @-26.2438,-48.6383,12.5z
2026-03-24 15:57:57,386 - INFO - [SC] Xanxerê: @-26.8831,-52.4,12.5z
2026-03-24 15:57:58,157 - INFO - [SC] Laguna: @-28.4826,-48.7815,12.5z
2026-03-24 15:57:58,961 - INFO - [SC] Imbituba: @-28.2405,-48.6703,12.5z
2026-03-24 15:57:59,721 - INFO - [SC] Guaramirim: @-26.4735,-49.0034,12.5z
2026-03-24 15:58:00,493 - INFO - [SC] Timbó: @-26.8237,-49.2711,12.5z
2026-03-24 15:58:01,527 - INFO - [SC] Rio Negrinho: @-26.2549,-49.5192,12.5z
2026-03-24 15:58:02,291 - INFO - [SC] São Miguel do Oeste: @-26.7258,-53.5181,12.5z
2026-03-24 15:58:03,043 - INFO - [SC] Curitibanos: @-27.2833,-50.5852,12.5z
2026-03-24 15:58:03,813 - INFO - [SC] Tijucas: @-27.2405,-48.6344,12.5z
2026-03-24 15:58:05,771 - INFO - [SC] Araquari: @-26.3703,-48.7232,12.5z
2026-03-24 15:58:06,806 - INFO - [SC] São João Batista: @-27.2766,-48.85,12.5z
2026-03-24 15:58:07,508 - INFO - [SC] Salvo em resultados\santa_catarina_cities.json
2026-03-24 15:58:07,514 - INFO - Iniciando scraper: Sergipe (SE)
2026-03-24 15:58:07,516 - INFO - [SE] Acessando: https://pt.db-city.com/Brasil--Sergipe
2026-03-24 15:58:08,389 - ERROR - [SE] Tabela com cidades não encontrada!
2026-03-24 15:58:08,390 - ERROR - [SE] Nenhuma cidade encontrada. Pulando...
2026-03-24 15:58:08,393 - INFO - Iniciando scraper: São Paulo (SP)
2026-03-24 15:58:08,393 - INFO - [SP] Acessando: https://pt.db-city.com/Brasil--São-Paulo
2026-03-24 15:58:08,949 - INFO - [SP] Encontradas 40 cidades
2026-03-24 15:58:09,163 - INFO - [SP] São Paulo: @-23.5489,-46.6388,12.5z
2026-03-24 15:58:09,941 - INFO - [SP] Guarulhos: @-23.413,-46.4445,12.5z
2026-03-24 15:58:10,786 - INFO - [SP] Campinas: @-22.9064,-47.0616,12.5z
2026-03-24 15:58:11,592 - INFO - [SP] São Bernardo do Campo: @-23.6944,-46.5654,12.5z
2026-03-24 15:58:12,390 - INFO - [SP] São José dos Campos: @-23.1791,-45.8872,12.5z
2026-03-24 15:58:13,159 - INFO - [SP] Santo André: @-23.6666,-46.5322,12.5z
2026-03-24 15:58:13,953 - INFO - [SP] Ribeirão Preto: @-21.1767,-47.8208,12.5z
2026-03-24 15:58:14,733 - INFO - [SP] Osasco: @-23.5317,-46.7899,12.5z
2026-03-24 15:58:15,505 - INFO - [SP] Sorocaba: @-23.5062,-47.4559,12.5z
2026-03-24 15:58:16,302 - INFO - [SP] Mauá: @-23.6687,-46.4614,12.5z
2026-03-24 15:58:17,097 - INFO - [SP] São José do Rio Preto: @-20.8202,-49.3797,12.5z
2026-03-24 15:58:17,879 - INFO - [SP] Mogi das Cruzes: @-23.5248,-46.1871,12.5z
2026-03-24 15:58:18,661 - INFO - [SP] Santos: @-23.9618,-46.3322,12.5z
2026-03-24 15:58:19,439 - INFO - [SP] Diadema: @-23.6865,-46.6234,12.5z
2026-03-24 15:58:20,220 - INFO - [SP] Jundiaí: @-23.1865,-46.8845,12.5z
2026-03-24 15:58:20,985 - INFO - [SP] Piracicaba: @-22.725,-47.6476,12.5z
2026-03-24 15:58:21,801 - INFO - [SP] Carapicuíba: @-23.5227,-46.8368,12.5z
2026-03-24 15:58:22,563 - INFO - [SP] Bauru: @-22.3154,-49.0615,12.5z
2026-03-24 15:58:23,367 - INFO - [SP] Itaquaquecetuba: @-23.4866,-46.3489,12.5z
2026-03-24 15:58:24,131 - INFO - [SP] São Vicente: @-23.963,-46.3918,12.5z
2026-03-24 15:58:24,901 - INFO - [SP] Franca: @-20.5418,-47.4197,12.5z
2026-03-24 15:58:25,775 - INFO - [SP] Praia Grande: @-23.9991,-46.4133,12.5z
2026-03-24 15:58:26,538 - INFO - [SP] Guarujá: @-23.9946,-46.2569,12.5z
2026-03-24 15:58:27,306 - INFO - [SP] Taubaté: @-23.0309,-45.5483,12.5z
2026-03-24 15:58:28,337 - INFO - [SP] Limeira: @-22.5645,-47.4004,12.5z
2026-03-24 15:58:29,137 - INFO - [SP] Suzano: @-23.541,-46.3106,12.5z
2026-03-24 15:58:29,893 - INFO - [SP] Taboão da Serra: @-23.6071,-46.752,12.5z
2026-03-24 15:58:30,674 - INFO - [SP] Sumaré: @-22.8216,-47.2664,12.5z
2026-03-24 15:58:31,481 - INFO - [SP] Barueri: @-23.5113,-46.8768,12.5z
2026-03-24 15:58:32,279 - INFO - [SP] Embu das Artes: @-23.6491,-46.8526,12.5z
2026-03-24 15:58:33,083 - INFO - [SP] São Carlos: @-22.0154,-47.8911,12.5z
2026-03-24 15:58:33,845 - INFO - [SP] Indaiatuba: @-23.0882,-47.2234,12.5z
2026-03-24 15:58:34,637 - INFO - [SP] Cotia: @-23.6041,-46.9243,12.5z
2026-03-24 15:58:35,422 - INFO - [SP] Americana: @-22.7388,-47.3319,12.5z
2026-03-24 15:58:36,614 - INFO - [SP] Marília: @-22.2208,-49.9486,12.5z
2026-03-24 15:58:37,391 - INFO - [SP] Itapevi: @-23.5492,-46.9373,12.5z
2026-03-24 15:58:38,166 - INFO - [SP] Araraquara: @-21.7946,-48.1766,12.5z
2026-03-24 15:58:38,940 - INFO - [SP] Jacareí: @-23.3055,-45.967,12.5z
2026-03-24 15:58:39,993 - INFO - [SP] Presidente Prudente: @-22.1276,-51.3856,12.5z
2026-03-24 15:58:40,757 - INFO - [SP] Hortolândia: @-22.8577,-47.2203,12.5z
2026-03-24 15:58:41,460 - INFO - [SP] Salvo em resultados\são_paulo_cities.json
2026-03-24 15:58:41,466 - INFO - Iniciando scraper: Tocantins (TO)
2026-03-24 15:58:41,467 - INFO - [TO] Acessando: https://pt.db-city.com/Brasil--Tocantins
2026-03-24 15:58:42,280 - INFO - [TO] Encontradas 40 cidades
2026-03-24 15:58:42,351 - INFO - [TO] Palmas: @-10.1689,-48.3317,12.5z
2026-03-24 15:58:43,112 - INFO - [TO] Araguaína: @-7.19207,-48.2078,12.5z
2026-03-24 15:58:44,145 - INFO - [TO] Gurupi: @-11.7249,-49.076,12.5z
2026-03-24 15:58:45,058 - INFO - [TO] Porto Nacional: @-10.7075,-48.4143,12.5z
2026-03-24 15:58:45,835 - INFO - [TO] Paraíso do Tocantins: @-10.1722,-48.881,12.5z
2026-03-24 15:58:46,590 - INFO - [TO] Araguatins: @-5.65615,-48.1189,12.5z
2026-03-24 15:58:47,613 - INFO - [TO] Colinas do Tocantins: @-8.05629,-48.4773,12.5z
2026-03-24 15:58:48,656 - INFO - [TO] Guaraí: @-8.8344,-48.5099,12.5z
2026-03-24 15:58:49,748 - INFO - [TO] Tocantinópolis: @-6.32953,-47.4165,12.5z
2026-03-24 15:58:51,044 - INFO - [TO] Dianópolis: @-11.6281,-46.8214,12.5z
2026-03-24 15:58:51,814 - INFO - [TO] Formoso do Araguaia: @-11.7957,-49.5311,12.5z
2026-03-24 15:58:52,567 - INFO - [TO] Augustinópolis: @-5.46849,-47.8895,12.5z
2026-03-24 15:58:53,583 - INFO - [TO] Miracema do Tocantins: @-9.56065,-48.395,12.5z
2026-03-24 15:58:54,681 - INFO - [TO] Taguatinga: @-12.3993,-46.4222,12.5z
2026-03-24 15:58:55,711 - INFO - [TO] Pedro Afonso: @-8.9715,-48.1754,12.5z
2026-03-24 15:58:56,758 - INFO - [TO] Miranorte: @-9.5279,-48.5948,12.5z
2026-03-24 15:58:57,618 - INFO - [TO] Lagoa da Confusão: @-10.7895,-49.6305,12.5z
2026-03-24 15:58:58,392 - INFO - [TO] Goiatins: @-7.71187,-47.3144,12.5z
2026-03-24 15:58:59,444 - INFO - [TO] São Miguel do Tocantins: @-5.55471,-47.5754,12.5z
2026-03-24 15:59:00,476 - INFO - [TO] Nova Olinda: @-7.63526,-48.4238,12.5z
2026-03-24 15:59:01,333 - INFO - [TO] Peixe: @-12.0262,-48.5396,12.5z
2026-03-24 15:59:02,369 - INFO - [TO] Wanderlândia: @-6.84852,-47.9632,12.5z
2026-03-24 15:59:03,126 - INFO - [TO] Xambioá: @-6.41367,-48.5386,12.5z
2026-03-24 15:59:04,144 - INFO - [TO] Buriti do Tocantins: @-5.31799,-48.229,12.5z
2026-03-24 15:59:04,993 - INFO - [TO] Esperantina: @-5.3451,-48.5102,12.5z
2026-03-24 15:59:06,030 - INFO - [TO] Babaçulândia: @-7.20748,-47.7636,12.5z
2026-03-24 15:59:07,074 - INFO - [TO] Arraias: @-12.9264,-46.9352,12.5z
2026-03-24 15:59:07,843 - INFO - [TO] Paranã: @-12.6162,-47.8836,12.5z
2026-03-24 15:59:08,656 - INFO - [TO] Campos Lindos: @-7.99438,-46.8684,12.5z
2026-03-24 15:59:09,803 - INFO - [TO] Axixá do Tocantins: @-5.61496,-47.7708,12.5z
2026-03-24 15:59:10,836 - INFO - [TO] Ananás: @-6.36855,-48.0698,12.5z
2026-03-24 15:59:11,618 - INFO - [TO] Natividade: @-11.7098,-47.7308,12.5z
2026-03-24 15:59:12,656 - INFO - [TO] Sítio Novo do Tocantins: @-5.60262,-47.6396,12.5z
2026-03-24 15:59:13,698 - INFO - [TO] Filadélfia: @-7.33938,-47.4911,12.5z
2026-03-24 15:59:14,767 - INFO - [TO] Araguaçu: @-12.9307,-49.8163,12.5z
2026-03-24 15:59:15,785 - INFO - [TO] Praia Norte: @-5.39454,-47.8114,12.5z
2026-03-24 15:59:16,799 - INFO - [TO] Alvorada: @-12.4775,-49.1274,12.5z
2026-03-24 15:59:17,838 - INFO - [TO] Colméia: @-8.72383,-48.7618,12.5z
2026-03-24 15:59:18,600 - INFO - [TO] Ponte Alta do Tocantins: @-10.7426,-47.5371,12.5z
2026-03-24 15:59:19,371 - INFO - [TO] Monte do Carmo: @-10.7703,-48.1096,12.5z
2026-03-24 15:59:20,074 - INFO - [TO] Salvo em resultados\tocantins_cities.json
2026-03-24 16:04:27,128 - INFO - Iniciando scraper: Acre (AC)
2026-03-24 16:04:27,134 - INFO - [AC] Acessando: https://pt.db-city.com/Brasil--Acre
2026-03-24 16:04:27,765 - ERROR - [AC] Tabela com cidades não encontrada!
2026-03-24 16:04:27,765 - ERROR - [AC] Nenhuma cidade encontrada. Pulando...
2026-03-24 16:04:27,769 - INFO - Iniciando scraper: Amazonas (AM)
2026-03-24 16:04:27,769 - INFO - [AM] Acessando: https://pt.db-city.com/Brasil--Amazonas
2026-03-24 16:04:28,333 - ERROR - [AM] Tabela com cidades não encontrada!
2026-03-24 16:04:28,333 - ERROR - [AM] Nenhuma cidade encontrada. Pulando...
2026-03-24 16:04:28,336 - INFO - Iniciando scraper: Amapá (AP)
2026-03-24 16:04:28,336 - INFO - [AP] Acessando: https://pt.db-city.com/Brasil--Amapá
2026-03-24 16:04:28,858 - ERROR - [AP] Tabela com cidades não encontrada!
2026-03-24 16:04:28,859 - ERROR - [AP] Nenhuma cidade encontrada. Pulando...
2026-03-24 16:04:28,872 - INFO - Iniciando scraper: Distrito Federal (DF)
2026-03-24 16:04:28,872 - INFO - [DF] Acessando: https://pt.db-city.com/Brasil--Distrito-Federal
2026-03-24 16:04:29,341 - ERROR - [DF] Tabela com cidades não encontrada!
2026-03-24 16:04:29,341 - ERROR - [DF] Nenhuma cidade encontrada. Pulando...
2026-03-24 16:04:29,344 - INFO - Iniciando scraper: Espírito Santo (ES)
2026-03-24 16:04:29,344 - INFO - [ES] Acessando: https://pt.db-city.com/Brasil--Espírito-Santo
2026-03-24 16:04:29,830 - ERROR - [ES] Tabela com cidades não encontrada!
2026-03-24 16:04:29,830 - ERROR - [ES] Nenhuma cidade encontrada. Pulando...
2026-03-24 16:04:29,835 - INFO - Iniciando scraper: Mato Grosso do Sul (MS)
2026-03-24 16:04:29,836 - INFO - [MS] Acessando: https://pt.db-city.com/Brasil--Mato-Grosso-do-Sul
2026-03-24 16:04:30,344 - ERROR - [MS] Tabela com cidades não encontrada!
2026-03-24 16:04:30,345 - ERROR - [MS] Nenhuma cidade encontrada. Pulando...
2026-03-24 16:04:30,357 - INFO - Iniciando scraper: Rio de Janeiro (RJ)
2026-03-24 16:04:30,358 - INFO - [RJ] Acessando: https://pt.db-city.com/Brasil--Rio-de-Janeiro
2026-03-24 16:04:30,960 - ERROR - [RJ] Tabela com cidades não encontrada!
2026-03-24 16:04:30,961 - ERROR - [RJ] Nenhuma cidade encontrada. Pulando...
2026-03-24 16:04:30,965 - INFO - Iniciando scraper: Rondônia (RO)
2026-03-24 16:04:30,966 - INFO - [RO] Acessando: https://pt.db-city.com/Brasil--Rondônia
2026-03-24 16:04:31,455 - ERROR - [RO] Tabela com cidades não encontrada!
2026-03-24 16:04:31,455 - ERROR - [RO] Nenhuma cidade encontrada. Pulando...
2026-03-24 16:04:31,457 - INFO - Iniciando scraper: Roraima (RR)
2026-03-24 16:04:31,457 - INFO - [RR] Acessando: https://pt.db-city.com/Brasil--Roraima
2026-03-24 16:04:31,956 - ERROR - [RR] Tabela com cidades não encontrada!
2026-03-24 16:04:31,957 - ERROR - [RR] Nenhuma cidade encontrada. Pulando...
2026-03-24 16:04:31,964 - INFO - Iniciando scraper: Sergipe (SE)
2026-03-24 16:04:31,965 - INFO - [SE] Acessando: https://pt.db-city.com/Brasil--Sergipe
2026-03-24 16:04:32,493 - ERROR - [SE] Tabela com cidades não encontrada!
2026-03-24 16:04:32,493 - ERROR - [SE] Nenhuma cidade encontrada. Pulando...
2026-03-24 16:06:49,721 - INFO - Iniciando scraper: Acre (AC)
2026-03-24 16:06:49,722 - INFO - [AC] Acessando: https://pt.db-city.com/Brasil--Acre
2026-03-24 16:06:50,271 - WARNING - [AC] Tabela não encontrada, tentando 'Cidades importantes'...
2026-03-24 16:06:50,272 - INFO - [AC] Fallback: 22 cidades importantes encontradas
2026-03-24 16:06:50,335 - INFO - [AC] Rio Branco: @-9.974,-67.8076,12.5z
2026-03-24 16:06:51,106 - INFO - [AC] Cruzeiro do Sul: @-7.6649,-72.6504,12.5z
2026-03-24 16:06:52,152 - INFO - [AC] Sena Madureira: @-9.06721,-68.6577,12.5z
2026-03-24 16:06:53,180 - INFO - [AC] Tarauacá: @-8.13562,-70.765,12.5z
2026-03-24 16:06:54,208 - INFO - [AC] Feijó: @-8.17065,-70.3582,12.5z
2026-03-24 16:06:55,244 - INFO - [AC] Brasiléia: @-11.0069,-68.7426,12.5z
2026-03-24 16:06:56,305 - INFO - [AC] Sen. Guiomard: @-10.148,-67.732,12.5z
2026-03-24 16:06:57,367 - INFO - [AC] Plácido de Castro: @-10.2673,-67.1884,12.5z
2026-03-24 16:06:58,421 - INFO - [AC] Xapuri: @-10.636,-68.4946,12.5z
2026-03-24 16:06:59,463 - INFO - [AC] Mâncio Lima: @-7.62225,-72.8923,12.5z
2026-03-24 16:07:00,485 - INFO - [AC] Rodrigues Alves: @-7.73037,-72.6514,12.5z
2026-03-24 16:07:01,584 - INFO - [AC] Mal. Thaumaturgo: @-8.94135,-72.7925,12.5z
2026-03-24 16:07:02,612 - INFO - [AC] Pôrto Acre: @-9.57632,-67.5508,12.5z
2026-03-24 16:07:03,382 - INFO - [AC] Epitaciolândia: @-11.0167,-68.7337,12.5z
2026-03-24 16:07:04,425 - INFO - [AC] Acrelândia: @-9.82538,-66.8865,12.5z
2026-03-24 16:07:05,453 - INFO - [AC] Porto Walter: @-8.26935,-72.7445,12.5z
2026-03-24 16:07:06,496 - INFO - [AC] Capixaba: @-10.5609,-67.6903,12.5z
2026-03-24 16:07:07,557 - INFO - [AC] Bujari: @-9.82274,-67.9475,12.5z
2026-03-24 16:07:08,592 - INFO - [AC] Manoel Urbano: @-8.87341,-69.2802,12.5z
2026-03-24 16:07:09,633 - INFO - [AC] Jordão: @-9.43436,-71.8845,12.5z
2026-03-24 16:07:10,404 - INFO - [AC] Assis Brasil: @-10.9427,-69.5746,12.5z
2026-03-24 16:07:11,437 - INFO - [AC] Santa Rosa do Purus: @-9.43336,-70.4935,12.5z
2026-03-24 16:07:12,139 - INFO - [AC] Salvo em resultados\acre_cities.json
2026-03-24 16:07:12,147 - INFO - Iniciando scraper: Amazonas (AM)
2026-03-24 16:07:12,147 - INFO - [AM] Acessando: https://pt.db-city.com/Brasil--Amazonas
2026-03-24 16:07:12,649 - WARNING - [AM] Tabela não encontrada, tentando 'Cidades importantes'...
2026-03-24 16:07:12,651 - INFO - [AM] Fallback: 40 cidades importantes encontradas
2026-03-24 16:07:12,705 - INFO - [AM] Manaus: @-3.10719,-60.0261,12.5z
2026-03-24 16:07:13,474 - INFO - [AM] Parintins: @-2.62835,-56.7365,12.5z
2026-03-24 16:07:14,249 - INFO - [AM] Itacoatiara: @-3.14198,-58.4426,12.5z
2026-03-24 16:07:15,291 - INFO - [AM] Manacapuru: @-3.29418,-60.6344,12.5z
2026-03-24 16:07:16,326 - INFO - [AM] Coari: @-4.08488,-63.1417,12.5z
2026-03-24 16:07:17,107 - INFO - [AM] Tabatinga: @-4.25335,-69.9385,12.5z
2026-03-24 16:07:18,150 - INFO - [AM] Maués: @-3.38173,-57.7152,12.5z
2026-03-24 16:07:18,925 - INFO - [AM] Tefé: @-3.32073,-64.7236,12.5z
2026-03-24 16:07:19,693 - INFO - [AM] Manicoré: @-5.80936,-61.3005,12.5z
2026-03-24 16:07:20,719 - INFO - [AM] Humaitá: @-7.50617,-63.0272,12.5z
2026-03-24 16:07:21,773 - INFO - [AM] Iranduba: @-3.20113,-60.1782,12.5z
2026-03-24 16:07:22,561 - INFO - [AM] Lábrea: @-7.25997,-64.7993,12.5z
2026-03-24 16:07:23,345 - INFO - [AM] São Gabriel da Cachoeira: @0.13,-67.0889,12.5z
2026-03-24 16:07:24,423 - INFO - [AM] Benjamin Constant: @-4.38335,-70.0315,12.5z
2026-03-24 16:07:25,494 - INFO - [AM] Borba: @-4.38835,-59.5945,12.5z
2026-03-24 16:07:26,519 - INFO - [AM] Autazes: @-3.58035,-59.1315,12.5z
2026-03-24 16:07:27,271 - INFO - [AM] São Paulo de Olivença: @-3.37834,-68.8735,12.5z
2026-03-24 16:07:28,303 - INFO - [AM] Careiro: @-3.81212,-60.3455,12.5z
2026-03-24 16:07:29,090 - INFO - [AM] Nova Olinda do Norte: @-3.88835,-59.0945,12.5z
2026-03-24 16:07:29,849 - INFO - [AM] Pres. Figueiredo: @-2.03435,-60.0259,12.5z
2026-03-24 16:07:30,607 - INFO - [AM] Eirunepé: @-6.66035,-69.8745,12.5z
2026-03-24 16:07:31,657 - INFO - [AM] Bôca do Acre: @-8.74069,-67.3841,12.5z
2026-03-24 16:07:32,440 - INFO - [AM] Rio Preto da Eva: @-2.69872,-59.7007,12.5z
2026-03-24 16:07:33,484 - INFO - [AM] Manaquiri: @-3.38461,-60.4255,12.5z
2026-03-24 16:07:34,511 - INFO - [AM] Barreirinha: @-2.79335,-57.0705,12.5z
2026-03-24 16:07:35,272 - INFO - [AM] Careiro da Várzea: @-3.19815,-59.8718,12.5z
2026-03-24 16:07:36,325 - INFO - [AM] Ipixuna: @-7.05135,-71.6955,12.5z
2026-03-24 16:07:37,129 - INFO - [AM] Codajás: @-3.83735,-62.0575,12.5z
2026-03-24 16:07:38,158 - INFO - [AM] Carauari: @-4.87907,-66.9001,12.5z
2026-03-24 16:07:38,919 - INFO - [AM] Barcelos: @-0.975339,-62.9245,12.5z
2026-03-24 16:07:40,000 - INFO - [AM] Novo Aripuanã: @-5.13508,-60.3757,12.5z
2026-03-24 16:07:41,044 - INFO - [AM] Santa Isabel do Rio Negro: @0.406667,-65.0169,12.5z
2026-03-24 16:07:42,089 - INFO - [AM] Urucurituba: @-2.68443,-57.6691,12.5z
2026-03-24 16:07:43,116 - INFO - [AM] Apuí: @71149.0,595327.0,12.5z
2026-03-24 16:07:43,883 - INFO - [AM] Santo Antônio do Içá: @-3.10234,-67.9405,12.5z
2026-03-24 16:07:44,924 - INFO - [AM] Nhamundá: @-2.18583,-56.7128,12.5z
2026-03-24 16:07:45,993 - INFO - [AM] Anori: @-3.77335,-61.6445,12.5z
2026-03-24 16:07:47,056 - INFO - [AM] Envira: @-7.31146,-70.2329,12.5z
2026-03-24 16:07:47,838 - INFO - [AM] Atalaia do Norte: @-4.37235,-70.1925,12.5z
2026-03-24 16:07:48,860 - INFO - [AM] Beruri: @-3.89835,-61.3735,12.5z
2026-03-24 16:07:49,562 - INFO - [AM] Salvo em resultados\amazonas_cities.json
2026-03-24 16:07:49,567 - INFO - Iniciando scraper: Amapá (AP)
2026-03-24 16:07:49,567 - INFO - [AP] Acessando: https://pt.db-city.com/Brasil--Amapá
2026-03-24 16:07:50,033 - WARNING - [AP] Tabela não encontrada, tentando 'Cidades importantes'...
2026-03-24 16:07:50,034 - INFO - [AP] Fallback: 16 cidades importantes encontradas
2026-03-24 16:07:50,093 - INFO - [AP] Macapá: @0.0344566,-51.0666,12.5z
2026-03-24 16:07:51,153 - INFO - [AP] Santana: @-0.0442179,-51.1784,12.5z
2026-03-24 16:07:52,192 - INFO - [AP] Laranjal do Jari: @-0.832359,-52.4104,12.5z
2026-03-24 16:07:53,237 - INFO - [AP] Oiapoque: @3.83149,-51.8354,12.5z
2026-03-24 16:07:54,264 - INFO - [AP] Pôrto Grande: @0.704386,-51.4096,12.5z
2026-03-24 16:07:55,056 - INFO - [AP] Mazagão: @-0.116203,-51.286,12.5z
2026-03-24 16:07:56,095 - INFO - [AP] Tartarugalzinho: @1.50596,-50.9114,12.5z
2026-03-24 16:07:56,872 - INFO - [AP] Pedra Branca do Amapari: @0.769468,-51.9537,12.5z
2026-03-24 16:07:57,824 - INFO - [AP] Vitória do Jari: @-1.12361,-51.9958,12.5z
2026-03-24 16:07:58,849 - INFO - [AP] Calçoene: @2.49804,-50.9496,12.5z
2026-03-24 16:07:59,894 - INFO - [AP] Amapá: @2.05108,-50.7945,12.5z
2026-03-24 16:08:00,925 - INFO - [AP] Ferreira Gomes: @0.85376,-51.1941,12.5z
2026-03-24 16:08:01,987 - INFO - [AP] Cutias do Araguary: @0.953375,-50.777,12.5z
2026-03-24 16:08:03,035 - INFO - [AP] Itaubal: @1.68333,-51.0,12.5z
2026-03-24 16:08:04,081 - INFO - [AP] Serra do Navio: @0.866873,-52.0258,12.5z
2026-03-24 16:08:05,170 - INFO - [AP] Pracuúba: @1.72388,-50.8754,12.5z
2026-03-24 16:08:05,872 - INFO - [AP] Salvo em resultados\amapá_cities.json
2026-03-24 16:08:05,879 - INFO - Iniciando scraper: Distrito Federal (DF)
2026-03-24 16:08:05,879 - INFO - [DF] Acessando: https://pt.db-city.com/Brasil--Distrito-Federal
2026-03-24 16:08:06,363 - WARNING - [DF] Tabela não encontrada, tentando 'Cidades importantes'...
2026-03-24 16:08:06,364 - ERROR - [DF] Nenhuma fonte de cidades encontrada na página!
2026-03-24 16:08:06,364 - ERROR - [DF] Nenhuma cidade encontrada. Pulando...
2026-03-24 16:08:06,366 - INFO - Iniciando scraper: Espírito Santo (ES)
2026-03-24 16:08:06,367 - INFO - [ES] Acessando: https://pt.db-city.com/Brasil--Espírito-Santo
2026-03-24 16:08:06,878 - WARNING - [ES] Tabela não encontrada, tentando 'Cidades importantes'...
2026-03-24 16:08:06,879 - INFO - [ES] Fallback: 40 cidades importantes encontradas
2026-03-24 16:08:06,953 - INFO - [ES] Serra: @-20.1294,-40.308,12.5z
2026-03-24 16:08:07,734 - INFO - [ES] Vila Velha: @-20.3305,-40.2922,12.5z
2026-03-24 16:08:08,534 - INFO - [ES] Cariacica: @-20.2655,-40.4203,12.5z
2026-03-24 16:08:09,335 - INFO - [ES] Vitória: @-20.3222,-40.3381,12.5z
2026-03-24 16:08:10,094 - INFO - [ES] Cachoeiro de Itapemirim: @-20.8494,-41.1132,12.5z
2026-03-24 16:08:10,889 - INFO - [ES] Linhares: @-19.3909,-40.0715,12.5z
2026-03-24 16:08:11,656 - INFO - [ES] São Mateus: @-18.7167,-39.8594,12.5z
2026-03-24 16:08:12,522 - INFO - [ES] Guarapari: @-20.6511,-40.5067,12.5z
2026-03-24 16:08:13,581 - INFO - [ES] Colatina: @-19.5382,-40.6324,12.5z
2026-03-24 16:08:14,651 - INFO - [ES] Aracruz: @-19.8196,-40.2743,12.5z
2026-03-24 16:08:15,711 - INFO - [ES] Viana: @-20.3893,-40.4948,12.5z
2026-03-24 16:08:16,750 - INFO - [ES] Nova Venécia: @-18.7056,-40.3982,12.5z
2026-03-24 16:08:17,783 - INFO - [ES] Barra de São Francisco: @-18.7525,-40.893,12.5z
2026-03-24 16:08:18,554 - INFO - [ES] Santa Maria de Jetibá: @-20.0263,-40.7409,12.5z
2026-03-24 16:08:19,596 - INFO - [ES] Marataízes: @-21.0436,-40.8244,12.5z
2026-03-24 16:08:20,361 - INFO - [ES] São Gabriel da Palha: @-19.0177,-40.5356,12.5z
2026-03-24 16:08:21,194 - INFO - [ES] Castelo: @-20.6076,-41.1866,12.5z
2026-03-24 16:08:22,245 - INFO - [ES] Itapemirim: @-21.0118,-40.834,12.5z
2026-03-24 16:08:23,088 - INFO - [ES] Domingos Martins: @-20.3639,-40.6598,12.5z
2026-03-24 16:08:23,894 - INFO - [ES] Conceição da Barra: @-18.5926,-39.7347,12.5z
2026-03-24 16:08:24,649 - INFO - [ES] Baixo Guandu: @-19.5156,-41.0123,12.5z
2026-03-24 16:08:25,674 - INFO - [ES] Guaçuí: @-20.7762,-41.6759,12.5z
2026-03-24 16:08:26,454 - INFO - [ES] Afonso Cláudio: @-20.073,-41.1197,12.5z
2026-03-24 16:08:27,488 - INFO - [ES] Jaguaré: @-18.9051,-40.0887,12.5z
2026-03-24 16:08:28,539 - INFO - [ES] Alegre: @-20.7633,-41.5339,12.5z
2026-03-24 16:08:29,584 - INFO - [ES] Sooretama: @-19.1979,-40.0913,12.5z
2026-03-24 16:08:30,608 - INFO - [ES] Anchieta: @-20.7215,-40.7814,12.5z
2026-03-24 16:08:31,644 - INFO - [ES] Iúna: @-20.3517,-41.5328,12.5z
2026-03-24 16:08:32,680 - INFO - [ES] Pinheiros: @-18.4074,-40.2248,12.5z
2026-03-24 16:08:33,464 - INFO - [ES] Pedro Canário: @-18.3023,-39.9555,12.5z
2026-03-24 16:08:34,594 - INFO - [ES] Mimoso do Sul: @-21.0661,-41.3679,12.5z
2026-03-24 16:08:35,622 - INFO - [ES] Ibatiba: @-20.2404,-41.5061,12.5z
2026-03-24 16:08:36,417 - INFO - [ES] Venda Nova do Imigrante: @-20.3349,-41.1304,12.5z
2026-03-24 16:08:37,216 - INFO - [ES] Santa Teresa: @-19.9315,-40.5952,12.5z
2026-03-24 16:08:38,269 - INFO - [ES] Pancas: @-19.2243,-40.8512,12.5z
2026-03-24 16:08:39,359 - INFO - [ES] Ecoporanga: @-18.3716,-40.8296,12.5z
2026-03-24 16:08:40,133 - INFO - [ES] Piúma: @-20.8352,-40.7283,12.5z
2026-03-24 16:08:41,325 - INFO - [ES] Fundão: @-19.9352,-40.4128,12.5z
2026-03-24 16:08:42,428 - INFO - [ES] Vargem Alta: @-20.6711,-41.0074,12.5z
2026-03-24 16:08:43,467 - INFO - [ES] Rio Bananal: @-19.2662,-40.3332,12.5z
2026-03-24 16:08:44,173 - INFO - [ES] Salvo em resultados\espírito_santo_cities.json
2026-03-24 16:08:44,192 - INFO - Iniciando scraper: Mato Grosso do Sul (MS)
2026-03-24 16:08:44,192 - INFO - [MS] Acessando: https://pt.db-city.com/Brasil--Mato-Grosso-do-Sul
2026-03-24 16:08:44,784 - WARNING - [MS] Tabela não encontrada, tentando 'Cidades importantes'...
2026-03-24 16:08:44,785 - INFO - [MS] Fallback: 40 cidades importantes encontradas
2026-03-24 16:08:44,856 - INFO - [MS] Campo Grande: @-20.4435,-54.6478,12.5z
2026-03-24 16:08:45,632 - INFO - [MS] Dourados: @-22.2218,-54.8064,12.5z
2026-03-24 16:08:46,412 - INFO - [MS] Três Lagoas: @-20.7598,-51.6951,12.5z
2026-03-24 16:08:47,234 - INFO - [MS] Corumbá: @-19.0098,-57.6547,12.5z
2026-03-24 16:08:48,005 - INFO - [MS] Ponta Porã: @-22.5365,-55.7267,12.5z
2026-03-24 16:08:48,791 - INFO - [MS] Sidrolândia: @-20.9316,-54.9695,12.5z
2026-03-24 16:08:49,557 - INFO - [MS] Naviraí: @-23.0652,-54.1906,12.5z
2026-03-24 16:08:50,347 - INFO - [MS] Nova Andradina: @-22.2351,-53.3317,12.5z
2026-03-24 16:08:51,146 - INFO - [MS] Aquidauana: @-20.4749,-55.7863,12.5z
2026-03-24 16:08:52,175 - INFO - [MS] Maracaju: @-21.6189,-55.1673,12.5z
2026-03-24 16:08:53,220 - INFO - [MS] Paranaíba: @-19.6725,-51.1958,12.5z
2026-03-24 16:08:54,256 - INFO - [MS] Amambaí: @-23.1029,-55.2209,12.5z
2026-03-24 16:08:55,302 - INFO - [MS] Rio Brilhante: @-21.8023,-54.5436,12.5z
2026-03-24 16:08:56,343 - INFO - [MS] Coxim: @-18.4891,-54.7537,12.5z
2026-03-24 16:08:57,378 - INFO - [MS] Caarapó: @-22.6298,-54.8253,12.5z
2026-03-24 16:08:58,424 - INFO - [MS] Miranda: @-20.2429,-56.364,12.5z
2026-03-24 16:08:59,220 - INFO - [MS] São Gabriel do Oeste: @-19.3936,-54.5635,12.5z
2026-03-24 16:09:00,271 - INFO - [MS] Jardim: @-21.4755,-56.1495,12.5z
2026-03-24 16:09:01,435 - INFO - [MS] Aparecida do Taboado: @-20.089,-51.103,12.5z
2026-03-24 16:09:02,212 - INFO - [MS] Chapadão do Sul: @-18.7789,-52.6165,12.5z
2026-03-24 16:09:03,227 - INFO - [MS] Anastácio: @-20.499,-55.8181,12.5z
2026-03-24 16:09:03,995 - INFO - [MS] Itaporã: @-22.0821,-54.7889,12.5z
2026-03-24 16:09:05,031 - INFO - [MS] Bela Vista: @-22.0825,-56.5259,12.5z
2026-03-24 16:09:06,076 - INFO - [MS] Ribas do Rio Pardo: @-20.4433,-53.76,12.5z
2026-03-24 16:09:06,842 - INFO - [MS] Ladário: @-19.0057,-57.6015,12.5z
2026-03-24 16:09:07,926 - INFO - [MS] Ivinhema: @-22.3139,-53.8176,12.5z
2026-03-24 16:09:08,963 - INFO - [MS] Bataguassu: @-21.7124,-52.428,12.5z
2026-03-24 16:09:09,834 - INFO - [MS] Bonito: @-21.1313,-56.4801,12.5z
2026-03-24 16:09:10,883 - INFO - [MS] Cassilândia: @-19.1191,-51.7377,12.5z
2026-03-24 16:09:11,913 - INFO - [MS] Nova Alvorada do Sul: @-21.4643,-54.3842,12.5z
2026-03-24 16:09:12,959 - INFO - [MS] Terenos: @-20.4383,-54.8568,12.5z
2026-03-24 16:09:13,992 - INFO - [MS] Itaquiraí: @-23.4755,-54.1893,12.5z
2026-03-24 16:09:14,767 - INFO - [MS] Costa Rica: @-23.4167,-54.65,12.5z
2026-03-24 16:09:15,812 - INFO - [MS] Rio Verde de Mato Grosso: @-18.9204,-54.8437,12.5z
2026-03-24 16:09:16,570 - INFO - [MS] Sonora: @-17.5798,-54.7436,12.5z
2026-03-24 16:09:17,332 - INFO - [MS] Fátima do Sul: @-22.3744,-54.5144,12.5z
2026-03-24 16:09:18,466 - INFO - [MS] Mundo Novo: @-23.9412,-54.2736,12.5z
2026-03-24 16:09:19,518 - INFO - [MS] Porto Murtinho: @-21.6719,-57.8814,12.5z
2026-03-24 16:09:20,817 - INFO - [MS] Iguatemi: @-23.6771,-54.5683,12.5z
2026-03-24 16:09:21,581 - INFO - [MS] Água Clara: @-21.886,-54.1559,12.5z
2026-03-24 16:09:22,286 - INFO - [MS] Salvo em resultados\mato_grosso_do_sul_cities.json
2026-03-24 16:09:22,305 - INFO - Iniciando scraper: Rio de Janeiro (RJ)
2026-03-24 16:09:22,305 - INFO - [RJ] Acessando: https://pt.db-city.com/Brasil--Rio-de-Janeiro
2026-03-24 16:09:22,842 - WARNING - [RJ] Tabela não encontrada, tentando 'Cidades importantes'...
2026-03-24 16:09:22,845 - INFO - [RJ] Fallback: 40 cidades importantes encontradas
2026-03-24 16:09:22,922 - INFO - [RJ] Rio de Janeiro: @-22.9035,-43.2096,12.5z
2026-03-24 16:09:23,676 - INFO - [RJ] São Gonçalo: @-22.8271,-43.0544,12.5z
2026-03-24 16:09:24,455 - INFO - [RJ] Duque de Caxias: @-22.7868,-43.3131,12.5z
2026-03-24 16:09:25,499 - INFO - [RJ] Nova Iguaçu: @-22.7598,-43.4516,12.5z
2026-03-24 16:09:26,289 - INFO - [RJ] Niterói: @-22.8808,-43.1043,12.5z
2026-03-24 16:09:27,431 - INFO - [RJ] Belford Roxo: @-22.7642,-43.3992,12.5z
2026-03-24 16:09:28,210 - INFO - [RJ] Campos dos Goytacazes: @-21.7545,-41.3244,12.5z
2026-03-24 16:09:28,984 - INFO - [RJ] São João de Meriti: @-22.8038,-43.3727,12.5z
2026-03-24 16:09:30,030 - INFO - [RJ] Petrópolis: @-22.5046,-43.1823,12.5z
2026-03-24 16:09:30,795 - INFO - [RJ] Volta Redonda: @-22.5252,-44.1038,12.5z
2026-03-24 16:09:31,838 - INFO - [RJ] Macaé: @-22.3717,-41.7857,12.5z
2026-03-24 16:09:32,695 - INFO - [RJ] Magé: @-22.6567,-43.0398,12.5z
2026-03-24 16:09:33,714 - INFO - [RJ] Itaboraí: @-22.7472,-42.8585,12.5z
2026-03-24 16:09:34,728 - INFO - [RJ] Cabo Frio: @-22.8787,-42.0199,12.5z
2026-03-24 16:09:35,775 - INFO - [RJ] Angra dos Reis: @-23.01,-44.3184,12.5z
2026-03-24 16:09:36,536 - INFO - [RJ] Nova Friburgo: @-22.2871,-42.5337,12.5z
2026-03-24 16:09:37,293 - INFO - [RJ] Barra Mansa: @-22.5454,-44.1698,12.5z
2026-03-24 16:09:38,108 - INFO - [RJ] Teresópolis: @-22.4123,-42.9664,12.5z
2026-03-24 16:09:38,901 - INFO - [RJ] Mesquita: @-22.7824,-43.4294,12.5z
2026-03-24 16:09:39,689 - INFO - [RJ] Nilópolis: @-22.8085,-43.4145,12.5z
2026-03-24 16:09:40,751 - INFO - [RJ] Maricá: @-22.9191,-42.8183,12.5z
2026-03-24 16:09:41,857 - INFO - [RJ] Rio das Ostras: @-22.5273,-41.9456,12.5z
2026-03-24 16:09:42,902 - INFO - [RJ] Queimados: @-22.7165,-43.5554,12.5z
2026-03-24 16:09:43,669 - INFO - [RJ] Itaguaí: @-22.8665,-43.7772,12.5z
2026-03-24 16:09:44,727 - INFO - [RJ] Araruama: @-22.8763,-42.3393,12.5z
2026-03-24 16:09:45,481 - INFO - [RJ] Resende: @-22.4627,-44.4556,12.5z
2026-03-24 16:09:46,522 - INFO - [RJ] Japeri: @-22.6431,-43.654,12.5z
2026-03-24 16:09:47,561 - INFO - [RJ] São Pedro da Aldeia: @-22.8362,-42.1037,12.5z
2026-03-24 16:09:48,579 - INFO - [RJ] Itaperuna: @-21.2065,-41.8896,12.5z
2026-03-24 16:09:49,389 - INFO - [RJ] Barra do Piraí: @-22.4705,-43.8268,12.5z
2026-03-24 16:09:50,152 - INFO - [RJ] Saquarema: @-22.931,-42.4964,12.5z
2026-03-24 16:09:51,194 - INFO - [RJ] Seropédica: @-22.7414,-43.7053,12.5z
2026-03-24 16:09:52,224 - INFO - [RJ] Três Rios: @-22.1183,-43.2095,12.5z
2026-03-24 16:09:53,012 - INFO - [RJ] Valença: @-22.246,-43.7031,12.5z
2026-03-24 16:09:53,785 - INFO - [RJ] Guapimirim: @-22.5326,-42.99,12.5z
2026-03-24 16:09:54,843 - INFO - [RJ] Rio Bonito: @-22.7084,-42.626,12.5z
2026-03-24 16:09:55,727 - INFO - [RJ] Cachoeiras de Macacu: @-22.4638,-42.6528,12.5z
2026-03-24 16:09:56,550 - INFO - [RJ] Paracambi: @-22.6114,-43.7095,12.5z
2026-03-24 16:09:57,408 - INFO - [RJ] Mangaratiba: @-22.9597,-44.0411,12.5z
2026-03-24 16:09:58,176 - INFO - [RJ] Paraíba do Sul: @-22.1629,-43.2932,12.5z
2026-03-24 16:09:58,879 - INFO - [RJ] Salvo em resultados\rio_de_janeiro_cities.json
2026-03-24 16:09:58,887 - INFO - Iniciando scraper: Rondônia (RO)
2026-03-24 16:09:58,888 - INFO - [RO] Acessando: https://pt.db-city.com/Brasil--Rondônia
2026-03-24 16:09:59,442 - WARNING - [RO] Tabela não encontrada, tentando 'Cidades importantes'...
2026-03-24 16:09:59,443 - INFO - [RO] Fallback: 40 cidades importantes encontradas
2026-03-24 16:09:59,761 - INFO - [RO] Pôrto Velho: @-8.76183,-63.902,12.5z
2026-03-24 16:10:00,563 - INFO - [RO] Buritis: @-10.2124,-63.8295,12.5z
2026-03-24 16:10:01,363 - INFO - [RO] Ji Paraná: @-10.8808,-61.9419,12.5z
2026-03-24 16:10:02,127 - INFO - [RO] Ariquemes: @-9.91375,-63.044,12.5z
2026-03-24 16:10:02,891 - INFO - [RO] Vilhena: @-12.7341,-60.1446,12.5z
2026-03-24 16:10:03,669 - INFO - [RO] Cacoal: @-11.4315,-61.4477,12.5z
2026-03-24 16:10:04,427 - INFO - [RO] Rolim de Moura: @-11.7299,-61.7797,12.5z
2026-03-24 16:10:05,477 - INFO - [RO] Jaru: @-10.4325,-62.4733,12.5z
2026-03-24 16:10:06,267 - INFO - [RO] Guajará-mirim: @-10.7909,-65.3322,12.5z
2026-03-24 16:10:07,038 - INFO - [RO] Machadinho D'oeste: @-9.43023,-62.0042,12.5z
2026-03-24 16:10:07,821 - INFO - [RO] Pimenta Bueno: @-11.6748,-61.191,12.5z
2026-03-24 16:10:08,885 - INFO - [RO] Ouro Prêto do Oeste: @-10.7117,-62.255,12.5z
2026-03-24 16:10:09,646 - INFO - [RO] Espigão D'oeste: @-11.5251,-61.0139,12.5z
2026-03-24 16:10:10,685 - INFO - [RO] Nova Mamoré: @-10.4131,-65.3271,12.5z
2026-03-24 16:10:11,483 - INFO - [RO] Candeias do Jamari: @-8.78185,-63.7024,12.5z
2026-03-24 16:10:12,541 - INFO - [RO] Cujubim: @-9.36337,-62.5855,12.5z
2026-03-24 16:10:13,329 - INFO - [RO] São Miguel do Guaporé: @-11.6934,-62.6875,12.5z
2026-03-24 16:10:14,384 - INFO - [RO] Alta Floresta d'Oeste: @-11.9681,-61.9542,12.5z
2026-03-24 16:10:15,460 - INFO - [RO] Alto Paraíso: @-9.74531,-63.2834,12.5z
2026-03-24 16:10:16,511 - INFO - [RO] Nova Brasilândia D'oeste: @-11.7165,-62.3312,12.5z
2026-03-24 16:10:17,579 - INFO - [RO] São Francisco do Guaporé: @-12.0405,-63.5721,12.5z
2026-03-24 16:10:18,375 - INFO - [RO] Pres. Médici: @-11.1718,-61.9032,12.5z
2026-03-24 16:10:19,151 - INFO - [RO] Costa Marques: @-12.4155,-64.2215,12.5z
2026-03-24 16:10:19,924 - INFO - [RO] Cerejeiras: @-13.1891,-60.8164,12.5z
2026-03-24 16:10:20,690 - INFO - [RO] Colorado do Oeste: @-13.1176,-60.5412,12.5z
2026-03-24 16:10:21,721 - INFO - [RO] Monte Negro: @-10.2516,-63.2872,12.5z
2026-03-24 16:10:22,759 - INFO - [RO] Alvorada D'oeste: @-11.4276,-62.3695,12.5z
2026-03-24 16:10:23,821 - INFO - [RO] Campo Novo de Rondônia: @-10.5496,-63.6175,12.5z
2026-03-24 16:10:24,868 - INFO - [RO] Alto Alegre dos Parecis: @-12.1284,-61.8515,12.5z
2026-03-24 16:10:25,895 - INFO - [RO] Seringueiras: @-11.7484,-63.0306,12.5z
2026-03-24 16:10:26,945 - INFO - [RO] Urupá: @-11.1156,-62.368,12.5z
2026-03-24 16:10:28,039 - INFO - [RO] Vale do Anari: @-9.86395,-62.1659,12.5z
2026-03-24 16:10:29,139 - INFO - [RO] Chupinguaia: @-12.5501,-60.9023,12.5z
2026-03-24 16:10:30,183 - INFO - [RO] Mirante da Serra: @-11.0273,-62.6787,12.5z
2026-03-24 16:10:31,243 - INFO - [RO] Itapuã do Oeste: @-9.19747,-63.1655,12.5z
2026-03-24 16:10:32,299 - INFO - [RO] Theobroma: @-10.2405,-62.3594,12.5z
2026-03-24 16:10:33,355 - INFO - [RO] Min. Andreazza: @-11.1984,-61.5121,12.5z
2026-03-24 16:10:34,393 - INFO - [RO] Novo Horizonte do Oeste: @-11.71,-61.9969,12.5z
2026-03-24 16:10:35,425 - INFO - [RO] Governador Jorge Teixeira: @-10.6129,-62.7348,12.5z
2026-03-24 16:10:36,473 - INFO - [RO] Corumbiara: @-12.9645,-60.8165,12.5z
2026-03-24 16:10:37,176 - INFO - [RO] Salvo em resultados\rondônia_cities.json
2026-03-24 16:10:37,185 - INFO - Iniciando scraper: Roraima (RR)
2026-03-24 16:10:37,185 - INFO - [RR] Acessando: https://pt.db-city.com/Brasil--Roraima
2026-03-24 16:10:37,719 - WARNING - [RR] Tabela não encontrada, tentando 'Cidades importantes'...
2026-03-24 16:10:37,720 - INFO - [RR] Fallback: 15 cidades importantes encontradas
2026-03-24 16:10:37,787 - INFO - [RR] Boa Vista: @2.81954,-60.6714,12.5z
2026-03-24 16:10:38,892 - INFO - [RR] Rorainópolis: @0.945634,-60.4184,12.5z
2026-03-24 16:10:39,654 - INFO - [RR] Caracaraí: @1.82023,-61.1324,12.5z
2026-03-24 16:10:40,741 - INFO - [RR] Cantá: @2.60846,-60.5961,12.5z
2026-03-24 16:10:41,775 - INFO - [RR] Mucajaí: @2.43006,-60.9196,12.5z
2026-03-24 16:10:42,853 - INFO - [RR] Pacaraima: @4.41701,-61.1408,12.5z
2026-03-24 16:10:43,644 - INFO - [RR] Alto Alegre: @2.89806,-61.4914,12.5z
2026-03-24 16:10:44,691 - INFO - [RR] Amajari: @3.6531,-61.3715,12.5z
2026-03-24 16:10:45,717 - INFO - [RR] Bonfim: @3.35702,-59.8332,12.5z
2026-03-24 16:10:46,731 - INFO - [RR] Iracema: @2.18003,-61.04,12.5z
2026-03-24 16:10:47,763 - INFO - [RR] Normandia: @4.20439,-59.865,12.5z
2026-03-24 16:10:48,572 - INFO - [RR] Uiramutã: @4.59997,-60.158,12.5z
2026-03-24 16:10:49,606 - INFO - [RR] Caroebe: @0.895864,-59.695,12.5z
2026-03-24 16:10:50,656 - INFO - [RR] São João da Baliza: @0.949478,-59.9115,12.5z
2026-03-24 16:10:51,675 - INFO - [RR] São Luís: @1.04973,-60.1498,12.5z
2026-03-24 16:10:52,381 - INFO - [RR] Salvo em resultados\roraima_cities.json
2026-03-24 16:10:52,397 - INFO - Iniciando scraper: Sergipe (SE)
2026-03-24 16:10:52,398 - INFO - [SE] Acessando: https://pt.db-city.com/Brasil--Sergipe
2026-03-24 16:10:53,124 - WARNING - [SE] Tabela não encontrada, tentando 'Cidades importantes'...
2026-03-24 16:10:53,125 - INFO - [SE] Fallback: 40 cidades importantes encontradas
2026-03-24 16:10:53,209 - INFO - [SE] Aracaju: @-10.9095,-37.0748,12.5z
2026-03-24 16:10:53,964 - INFO - [SE] Nossa Senhora do Socorro: @-10.8529,-37.1453,12.5z
2026-03-24 16:10:54,738 - INFO - [SE] Lagarto: @-10.9145,-37.6639,12.5z
2026-03-24 16:10:55,519 - INFO - [SE] Itabaiana: @-10.6859,-37.4247,12.5z
2026-03-24 16:10:56,557 - INFO - [SE] São Cristóvão: @-11.0135,-37.2224,12.5z
2026-03-24 16:10:57,356 - INFO - [SE] Estância: @-11.2687,-37.4421,12.5z
2026-03-24 16:10:58,155 - INFO - [SE] Tobias Barreto: @-11.1735,-38.0139,12.5z
2026-03-24 16:10:58,929 - INFO - [SE] Itabaianinha: @-11.2743,-37.7889,12.5z
2026-03-24 16:10:59,761 - INFO - [SE] Simão Dias: @-10.7323,-37.8145,12.5z
2026-03-24 16:11:00,796 - INFO - [SE] Nossa Senhora da Glória: @-10.2167,-37.4242,12.5z
2026-03-24 16:11:01,864 - INFO - [SE] Poço Redondo: @-9.79847,-37.6903,12.5z
2026-03-24 16:11:02,895 - INFO - [SE] Itaporanga d'Ajuda: @-11.0127,-37.3091,12.5z
2026-03-24 16:11:04,067 - INFO - [SE] Capela: @-10.5105,-37.055,12.5z
2026-03-24 16:11:04,859 - INFO - [SE] Barra dos Coqueiros: @-10.9114,-37.0296,12.5z
2026-03-24 16:11:05,889 - INFO - [SE] Canindé de São Francisco: @-9.64222,-37.7885,12.5z
2026-03-24 16:11:06,922 - INFO - [SE] Laranjeiras: @-10.8032,-37.1696,12.5z
2026-03-24 16:11:08,034 - INFO - [SE] Propriá: @-10.2301,-36.8394,12.5z
2026-03-24 16:11:09,076 - INFO - [SE] Porto da Folha: @-9.90948,-37.278,12.5z
2026-03-24 16:11:10,151 - INFO - [SE] Boquim: @-11.1445,-37.6161,12.5z
2026-03-24 16:11:11,047 - INFO - [SE] Nossa Senhora das Dores: @-10.4853,-37.2053,12.5z
2026-03-24 16:11:12,057 - INFO - [SE] Umbaúba: @-11.376,-37.6531,12.5z
2026-03-24 16:11:12,859 - INFO - [SE] Poço Verde: @-10.7113,-38.185,12.5z
2026-03-24 16:11:13,903 - INFO - [SE] Carira: @-10.3556,-37.6915,12.5z
2026-03-24 16:11:14,934 - INFO - [SE] Aquidabã: @-10.2828,-37.0199,12.5z
2026-03-24 16:11:15,705 - INFO - [SE] Salgado: @-11.0328,-37.4824,12.5z
2026-03-24 16:11:16,733 - INFO - [SE] Riachão do Dantas: @-11.073,-37.7296,12.5z
2026-03-24 16:11:17,776 - INFO - [SE] Japaratuba: @-10.5953,-36.9399,12.5z
2026-03-24 16:11:18,830 - INFO - [SE] Neópolis: @-10.321,-36.5927,12.5z
2026-03-24 16:11:19,882 - INFO - [SE] Ribeirópolis: @-10.54,-37.4175,12.5z
2026-03-24 16:11:20,920 - INFO - [SE] Areia Branca: @-10.7607,-37.3175,12.5z
2026-03-24 16:11:21,681 - INFO - [SE] Campo do Brito: @-10.7307,-37.4948,12.5z
2026-03-24 16:11:22,465 - INFO - [SE] Indiaroba: @-11.5194,-37.5131,12.5z
2026-03-24 16:11:23,509 - INFO - [SE] Cristinápolis: @-11.4646,-37.7461,12.5z
2026-03-24 16:11:24,572 - INFO - [SE] Maruim: @-10.7351,-37.0765,12.5z
2026-03-24 16:11:25,606 - INFO - [SE] Carmópolis: @-10.6502,-36.9965,12.5z
2026-03-24 16:11:26,637 - INFO - [SE] Frei Paulo: @-10.5494,-37.5335,12.5z
2026-03-24 16:11:27,678 - INFO - [SE] Monte Alegre de Sergipe: @-10.0264,-37.5586,12.5z
2026-03-24 16:11:28,726 - INFO - [SE] Pacatuba: @-10.4513,-36.6486,12.5z
2026-03-24 16:11:29,807 - INFO - [SE] Santa Luzia do Itanhy: @-11.3486,-37.4457,12.5z
2026-03-24 16:11:30,856 - INFO - [SE] Tomar do Geru: @-11.3717,-37.8391,12.5z
2026-03-24 16:11:31,560 - INFO - [SE] Salvo em resultados\sergipe_cities.json
